#
# There is insufficient memory for the Java Runtime Environment to continue.
# Native memory allocation (malloc) failed to allocate 1453776 bytes for Chunk::new
# Possible reasons:
#   The system is out of physical RAM or swap space
#   The process is running with CompressedOops enabled, and the Java Heap may be blocking the growth of the native heap
# Possible solutions:
#   Reduce memory load on the system
#   Increase physical memory or swap space
#   Check if swap backing store is full
#   Decrease Java heap size (-Xmx/-Xms)
#   Decrease number of Java threads
#   Decrease Java thread stack sizes (-Xss)
#   Set larger code cache with -XX:ReservedCodeCacheSize=
#   JVM is running with Zero Based Compressed Oops mode in which the Java heap is
#     placed in the first 32GB address space. The Java Heap base address is the
#     maximum limit for the native heap growth. Please use -XX:HeapBaseMinAddress
#     to set the Java Heap base and to place the Java Heap above 32GB virtual address.
# This output file may be truncated or incomplete.
#
#  Out of Memory Error (arena.cpp:191), pid=26016, tid=22476
#
# JRE version: OpenJDK Runtime Environment JBR-17.0.9+8-1166.2-nomod (17.0.9+8) (build 17.0.9+8-b1166.2)
# Java VM: OpenJDK 64-Bit Server VM JBR-17.0.9+8-1166.2-nomod (17.0.9+8-b1166.2, mixed mode, tiered, compressed oops, compressed class ptrs, g1 gc, windows-amd64)
# No core dump will be written. Minidumps are not enabled by default on client versions of Windows
#

---------------  S U M M A R Y ------------

Command Line: -Dfile.encoding=windows-1252 -Duser.country=GB -Duser.language=en -Duser.variant main.java.org.Main

Host: AMD Ryzen 5 7535U with Radeon Graphics         , 12 cores, 15G,  Windows 11 , 64 bit Build 22621 (10.0.22621.3374)
Time: Mon May  6 20:21:37 2024 Central Europe Summer Time elapsed time: 14.907977 seconds (0d 0h 0m 14s)

---------------  T H R E A D  ---------------

Current thread (0x000001638a1c4d30):  JavaThread "C2 CompilerThread1" daemon [_thread_in_native, id=22476, stack(0x0000002036800000,0x0000002036900000)]


Current CompileTask:
C2:  14908 3901   !   4       main.java.org.networking.HandlerManager::executeTasks (355 bytes)

Stack: [0x0000002036800000,0x0000002036900000]
Native frames: (J=compiled Java code, j=interpreted, Vv=VM code, C=native code)
V  [jvm.dll+0x688349]
V  [jvm.dll+0x841bfa]
V  [jvm.dll+0x84383e]
V  [jvm.dll+0x843ea3]
V  [jvm.dll+0x24bdef]
V  [jvm.dll+0xac44c]
V  [jvm.dll+0xaca9c]
V  [jvm.dll+0x36be22]
V  [jvm.dll+0x1be622]
V  [jvm.dll+0x21dbb9]
V  [jvm.dll+0x21ce81]
V  [jvm.dll+0x1a66dd]
V  [jvm.dll+0x22cd28]
V  [jvm.dll+0x22ae60]
V  [jvm.dll+0x7f6087]
V  [jvm.dll+0x7f043a]
V  [jvm.dll+0x6871c5]
C  [ucrtbase.dll+0x29333]
C  [KERNEL32.DLL+0x1257d]
C  [ntdll.dll+0x5aa48]


---------------  P R O C E S S  ---------------

Threads class SMR info:
_java_thread_list=0x000001638c814eb0, length=23, elements={
0x00000163cfa700a0, 0x00000163ee6ac670, 0x00000163ee6b1960, 0x00000163ee6ff680,
0x00000163ee6fff50, 0x00000163ee700910, 0x00000163ee701a70, 0x00000163ee702fb0,
0x00000163ee71b7d0, 0x00000163ee71c880, 0x00000163ee87f630, 0x00000163ee89a020,
0x00000163f3126030, 0x00000163f31268e0, 0x00000163f313f3c0, 0x00000163fb029d80,
0x00000163fb3eff20, 0x00000163fb5d69e0, 0x00000163fb5d5ab0, 0x00000163fb5d5fc0,
0x00000163fb5d64d0, 0x000001638a1c4d30, 0x00000163fb5d6ef0
}

Java Threads: ( => current thread )
  0x00000163cfa700a0 JavaThread "main" [_thread_in_Java, id=14984, stack(0x0000002033800000,0x0000002033900000)]
  0x00000163ee6ac670 JavaThread "Reference Handler" daemon [_thread_blocked, id=1404, stack(0x0000002033f00000,0x0000002034000000)]
  0x00000163ee6b1960 JavaThread "Finalizer" daemon [_thread_blocked, id=6100, stack(0x0000002034000000,0x0000002034100000)]
  0x00000163ee6ff680 JavaThread "Signal Dispatcher" daemon [_thread_blocked, id=13120, stack(0x0000002034100000,0x0000002034200000)]
  0x00000163ee6fff50 JavaThread "Attach Listener" daemon [_thread_blocked, id=2768, stack(0x0000002034200000,0x0000002034300000)]
  0x00000163ee700910 JavaThread "Service Thread" daemon [_thread_blocked, id=25844, stack(0x0000002034300000,0x0000002034400000)]
  0x00000163ee701a70 JavaThread "Monitor Deflation Thread" daemon [_thread_blocked, id=23804, stack(0x0000002034400000,0x0000002034500000)]
  0x00000163ee702fb0 JavaThread "C2 CompilerThread0" daemon [_thread_in_native, id=24044, stack(0x0000002034500000,0x0000002034600000)]
  0x00000163ee71b7d0 JavaThread "C1 CompilerThread0" daemon [_thread_blocked, id=24852, stack(0x0000002034600000,0x0000002034700000)]
  0x00000163ee71c880 JavaThread "Sweeper thread" daemon [_thread_blocked, id=22692, stack(0x0000002034700000,0x0000002034800000)]
  0x00000163ee87f630 JavaThread "Notification Thread" daemon [_thread_blocked, id=9048, stack(0x0000002034800000,0x0000002034900000)]
  0x00000163ee89a020 JavaThread "Common-Cleaner" daemon [_thread_blocked, id=5988, stack(0x0000002034a00000,0x0000002034b00000)]
  0x00000163f3126030 JavaThread "Java2D Disposer" daemon [_thread_blocked, id=3852, stack(0x0000002034b00000,0x0000002034c00000)]
  0x00000163f31268e0 JavaThread "AWT-Shutdown" [_thread_blocked, id=19892, stack(0x0000002034c00000,0x0000002034d00000)]
  0x00000163f313f3c0 JavaThread "AWT-Windows" daemon [_thread_in_native, id=24220, stack(0x0000002034d00000,0x0000002034e00000)]
  0x00000163fb029d80 JavaThread "AWT-EventQueue-0" [_thread_blocked, id=8532, stack(0x0000002035a00000,0x0000002035b00000)]
  0x00000163fb3eff20 JavaThread "D3D Screen Updater" daemon [_thread_in_native, id=24500, stack(0x0000002035e00000,0x0000002035f00000)]
  0x00000163fb5d69e0 JavaThread "Java Sound Event Dispatcher" daemon [_thread_blocked, id=19896, stack(0x0000002036700000,0x0000002036800000)]
  0x00000163fb5d5ab0 JavaThread "Thread-0" [_thread_in_native, id=2600, stack(0x0000002036a00000,0x0000002036b00000)]
  0x00000163fb5d5fc0 JavaThread "Thread-1" [_thread_in_native, id=13436, stack(0x0000002036b00000,0x0000002036c00000)]
  0x00000163fb5d64d0 JavaThread "Direct Clip" daemon [_thread_in_vm, id=1764, stack(0x0000002037500000,0x0000002037600000)]
=>0x000001638a1c4d30 JavaThread "C2 CompilerThread1" daemon [_thread_in_native, id=22476, stack(0x0000002036800000,0x0000002036900000)]
  0x00000163fb5d6ef0 JavaThread "Thread-1341" [_thread_new, id=9532, stack(0x0000002037300000,0x0000002037400000)]

Other Threads:
  0x00000163ee51b5f0 VMThread "VM Thread" [stack: 0x0000002033e00000,0x0000002033f00000] [id=26840]
  0x00000163ee882b30 WatcherThread [stack: 0x0000002034900000,0x0000002034a00000] [id=4852]
  0x00000163cfada020 GCTaskThread "GC Thread#0" [stack: 0x0000002033900000,0x0000002033a00000] [id=25984]
  0x00000163fb1dffa0 GCTaskThread "GC Thread#1" [stack: 0x0000002035f00000,0x0000002036000000] [id=19024]
  0x00000163fb545940 GCTaskThread "GC Thread#2" [stack: 0x0000002036000000,0x0000002036100000] [id=25964]
  0x00000163fb35b830 GCTaskThread "GC Thread#3" [stack: 0x0000002036100000,0x0000002036200000] [id=21808]
  0x00000163fb3e8870 GCTaskThread "GC Thread#4" [stack: 0x0000002036200000,0x0000002036300000] [id=5084]
  0x00000163fb740140 GCTaskThread "GC Thread#5" [stack: 0x0000002036300000,0x0000002036400000] [id=21432]
  0x00000163fb4a54c0 GCTaskThread "GC Thread#6" [stack: 0x0000002036400000,0x0000002036500000] [id=22860]
  0x00000163fb5263f0 GCTaskThread "GC Thread#7" [stack: 0x0000002036500000,0x0000002036600000] [id=9248]
  0x00000163fb95aec0 GCTaskThread "GC Thread#8" [stack: 0x0000002036c00000,0x0000002036d00000] [id=22456]
  0x00000163fb95a3c0 GCTaskThread "GC Thread#9" [stack: 0x0000002036e00000,0x0000002036f00000] [id=8860]
  0x00000163cfaeabe0 ConcurrentGCThread "G1 Main Marker" [stack: 0x0000002033a00000,0x0000002033b00000] [id=27500]
  0x00000163cfaed510 ConcurrentGCThread "G1 Conc#0" [stack: 0x0000002033b00000,0x0000002033c00000] [id=24620]
  0x00000163fb95b9c0 ConcurrentGCThread "G1 Conc#1" [stack: 0x0000002036f00000,0x0000002037000000] [id=19360]
  0x00000163fb95ac00 ConcurrentGCThread "G1 Conc#2" [stack: 0x0000002037000000,0x0000002037100000] [id=19760]
  0x00000163ee3ac600 ConcurrentGCThread "G1 Refine#0" [stack: 0x0000002033c00000,0x0000002033d00000] [id=25416]
  0x00000163ee3acce0 ConcurrentGCThread "G1 Service" [stack: 0x0000002033d00000,0x0000002033e00000] [id=25768]

Threads with active compile tasks:
C2 CompilerThread0    15138 3908   !   4       sun.awt.PostEventQueue::flush (168 bytes)
C2 CompilerThread1    15138 3901   !   4       main.java.org.networking.HandlerManager::executeTasks (355 bytes)

VM state: not at safepoint (normal execution)

VM Mutex/Monitor currently owned by a thread: None

Heap address: 0x000000070c000000, size: 3904 MB, Compressed Oops mode: Zero based, Oop shift amount: 3

CDS archive(s) not mapped
Compressed class space mapped at: 0x0000000800000000-0x0000000840000000, reserved size: 1073741824
Narrow klass base: 0x0000000800000000, Narrow klass shift: 0, Narrow klass range: 0x40000000

GC Precious Log:
 CPUs: 12 total, 12 available
 Memory: 15614M
 Large Page Support: Disabled
 NUMA Support: Disabled
 Compressed Oops: Enabled (Zero based)
 Heap Region Size: 2M
 Heap Min Capacity: 8M
 Heap Initial Capacity: 244M
 Heap Max Capacity: 3904M
 Pre-touch: Disabled
 Parallel Workers: 10
 Concurrent Workers: 3
 Concurrent Refinement Workers: 10
 Periodic GC: Disabled

Heap:
 garbage-first heap   total 600064K, used 386779K [0x000000070c000000, 0x0000000800000000)
  region size 2048K, 86 young (176128K), 3 survivors (6144K)
 Metaspace       used 22426K, committed 22784K, reserved 1114112K
  class space    used 2242K, committed 2432K, reserved 1048576K

Heap Regions: E=young(eden), S=young(survivor), O=old, HS=humongous(starts), HC=humongous(continues), CS=collection set, F=free, OA=open archive, CA=closed archive, TAMS=top-at-mark-start (previous, next)
|   0|0x000000070c000000, 0x000000070c200000, 0x000000070c200000|100%|HS|  |TAMS 0x000000070c200000, 0x000000070c200000| Complete 
|   1|0x000000070c200000, 0x000000070c400000, 0x000000070c400000|100%|HS|  |TAMS 0x000000070c400000, 0x000000070c400000| Complete 
|   2|0x000000070c400000, 0x000000070c600000, 0x000000070c600000|100%|HS|  |TAMS 0x000000070c600000, 0x000000070c600000| Complete 
|   3|0x000000070c600000, 0x000000070c800000, 0x000000070c800000|100%|HC|  |TAMS 0x000000070c800000, 0x000000070c800000| Complete 
|   4|0x000000070c800000, 0x000000070ca00000, 0x000000070ca00000|100%|HC|  |TAMS 0x000000070ca00000, 0x000000070ca00000| Complete 
|   5|0x000000070ca00000, 0x000000070cc00000, 0x000000070cc00000|100%|HC|  |TAMS 0x000000070cc00000, 0x000000070cc00000| Complete 
|   6|0x000000070cc00000, 0x000000070ce00000, 0x000000070ce00000|100%|HC|  |TAMS 0x000000070ce00000, 0x000000070ce00000| Complete 
|   7|0x000000070ce00000, 0x000000070d000000, 0x000000070d000000|100%|HC|  |TAMS 0x000000070d000000, 0x000000070d000000| Complete 
|   8|0x000000070d000000, 0x000000070d200000, 0x000000070d200000|100%|HC|  |TAMS 0x000000070d200000, 0x000000070d200000| Complete 
|   9|0x000000070d200000, 0x000000070d400000, 0x000000070d400000|100%|HS|  |TAMS 0x000000070d400000, 0x000000070d400000| Complete 
|  10|0x000000070d400000, 0x000000070d600000, 0x000000070d600000|100%|HC|  |TAMS 0x000000070d600000, 0x000000070d600000| Complete 
|  11|0x000000070d600000, 0x000000070d800000, 0x000000070d800000|100%|HS|  |TAMS 0x000000070d800000, 0x000000070d800000| Complete 
|  12|0x000000070d800000, 0x000000070da00000, 0x000000070da00000|100%|HC|  |TAMS 0x000000070da00000, 0x000000070da00000| Complete 
|  13|0x000000070da00000, 0x000000070dc00000, 0x000000070dc00000|100%|HC|  |TAMS 0x000000070dc00000, 0x000000070dc00000| Complete 
|  14|0x000000070dc00000, 0x000000070de00000, 0x000000070de00000|100%| O|  |TAMS 0x000000070de00000, 0x000000070de00000| Untracked 
|  15|0x000000070de00000, 0x000000070e000000, 0x000000070e000000|100%|HS|  |TAMS 0x000000070e000000, 0x000000070e000000| Complete 
|  16|0x000000070e000000, 0x000000070e200000, 0x000000070e200000|100%|HC|  |TAMS 0x000000070e200000, 0x000000070e200000| Complete 
|  17|0x000000070e200000, 0x000000070e400000, 0x000000070e400000|100%|HC|  |TAMS 0x000000070e400000, 0x000000070e400000| Complete 
|  18|0x000000070e400000, 0x000000070e600000, 0x000000070e600000|100%|HS|  |TAMS 0x000000070e600000, 0x000000070e600000| Complete 
|  19|0x000000070e600000, 0x000000070e800000, 0x000000070e800000|100%|HC|  |TAMS 0x000000070e800000, 0x000000070e800000| Complete 
|  20|0x000000070e800000, 0x000000070ea00000, 0x000000070ea00000|100%|HC|  |TAMS 0x000000070ea00000, 0x000000070ea00000| Complete 
|  21|0x000000070ea00000, 0x000000070ec00000, 0x000000070ec00000|100%|HS|  |TAMS 0x000000070ec00000, 0x000000070ec00000| Complete 
|  22|0x000000070ec00000, 0x000000070ee00000, 0x000000070ee00000|100%|HC|  |TAMS 0x000000070ee00000, 0x000000070ee00000| Complete 
|  23|0x000000070ee00000, 0x000000070f000000, 0x000000070f000000|100%|HC|  |TAMS 0x000000070f000000, 0x000000070f000000| Complete 
|  24|0x000000070f000000, 0x000000070f200000, 0x000000070f200000|100%|HS|  |TAMS 0x000000070f200000, 0x000000070f200000| Complete 
|  25|0x000000070f200000, 0x000000070f400000, 0x000000070f400000|100%|HC|  |TAMS 0x000000070f400000, 0x000000070f400000| Complete 
|  26|0x000000070f400000, 0x000000070f600000, 0x000000070f600000|100%|HC|  |TAMS 0x000000070f600000, 0x000000070f600000| Complete 
|  27|0x000000070f600000, 0x000000070f800000, 0x000000070f800000|100%|HS|  |TAMS 0x000000070f800000, 0x000000070f800000| Complete 
|  28|0x000000070f800000, 0x000000070fa00000, 0x000000070fa00000|100%|HC|  |TAMS 0x000000070fa00000, 0x000000070fa00000| Complete 
|  29|0x000000070fa00000, 0x000000070fc00000, 0x000000070fc00000|100%|HC|  |TAMS 0x000000070fc00000, 0x000000070fc00000| Complete 
|  30|0x000000070fc00000, 0x000000070fe00000, 0x000000070fe00000|100%|HC|  |TAMS 0x000000070fe00000, 0x000000070fe00000| Complete 
|  31|0x000000070fe00000, 0x0000000710000000, 0x0000000710000000|100%|HC|  |TAMS 0x0000000710000000, 0x0000000710000000| Complete 
|  32|0x0000000710000000, 0x0000000710200000, 0x0000000710200000|100%|HC|  |TAMS 0x0000000710200000, 0x0000000710200000| Complete 
|  33|0x0000000710200000, 0x0000000710400000, 0x0000000710400000|100%|HC|  |TAMS 0x0000000710400000, 0x0000000710400000| Complete 
|  34|0x0000000710400000, 0x0000000710600000, 0x0000000710600000|100%|HC|  |TAMS 0x0000000710600000, 0x0000000710600000| Complete 
|  35|0x0000000710600000, 0x0000000710800000, 0x0000000710800000|100%|HS|  |TAMS 0x0000000710800000, 0x0000000710800000| Complete 
|  36|0x0000000710800000, 0x0000000710a00000, 0x0000000710a00000|100%|HC|  |TAMS 0x0000000710a00000, 0x0000000710a00000| Complete 
|  37|0x0000000710a00000, 0x0000000710c00000, 0x0000000710c00000|100%|HC|  |TAMS 0x0000000710c00000, 0x0000000710c00000| Complete 
|  38|0x0000000710c00000, 0x0000000710e00000, 0x0000000710e00000|100%|HS|  |TAMS 0x0000000710e00000, 0x0000000710e00000| Complete 
|  39|0x0000000710e00000, 0x0000000711000000, 0x0000000711000000|100%|HC|  |TAMS 0x0000000711000000, 0x0000000711000000| Complete 
|  40|0x0000000711000000, 0x0000000711200000, 0x0000000711200000|100%|HC|  |TAMS 0x0000000711200000, 0x0000000711200000| Complete 
|  41|0x0000000711200000, 0x0000000711400000, 0x0000000711400000|100%|HS|  |TAMS 0x0000000711400000, 0x0000000711400000| Complete 
|  42|0x0000000711400000, 0x0000000711600000, 0x0000000711600000|100%|HC|  |TAMS 0x0000000711600000, 0x0000000711600000| Complete 
|  43|0x0000000711600000, 0x0000000711800000, 0x0000000711800000|100%|HC|  |TAMS 0x0000000711800000, 0x0000000711800000| Complete 
|  44|0x0000000711800000, 0x0000000711a00000, 0x0000000711a00000|100%|HS|  |TAMS 0x0000000711a00000, 0x0000000711a00000| Complete 
|  45|0x0000000711a00000, 0x0000000711c00000, 0x0000000711c00000|100%|HC|  |TAMS 0x0000000711c00000, 0x0000000711c00000| Complete 
|  46|0x0000000711c00000, 0x0000000711e00000, 0x0000000711e00000|100%|HC|  |TAMS 0x0000000711e00000, 0x0000000711e00000| Complete 
|  47|0x0000000711e00000, 0x0000000712000000, 0x0000000712000000|100%|HS|  |TAMS 0x0000000712000000, 0x0000000712000000| Complete 
|  48|0x0000000712000000, 0x0000000712200000, 0x0000000712200000|100%|HC|  |TAMS 0x0000000712200000, 0x0000000712200000| Complete 
|  49|0x0000000712200000, 0x0000000712400000, 0x0000000712400000|100%|HC|  |TAMS 0x0000000712400000, 0x0000000712400000| Complete 
|  50|0x0000000712400000, 0x0000000712600000, 0x0000000712600000|100%|HS|  |TAMS 0x0000000712600000, 0x0000000712600000| Complete 
|  51|0x0000000712600000, 0x0000000712800000, 0x0000000712800000|100%|HC|  |TAMS 0x0000000712800000, 0x0000000712800000| Complete 
|  52|0x0000000712800000, 0x0000000712a00000, 0x0000000712a00000|100%|HC|  |TAMS 0x0000000712a00000, 0x0000000712a00000| Complete 
|  53|0x0000000712a00000, 0x0000000712c00000, 0x0000000712c00000|100%|HS|  |TAMS 0x0000000712c00000, 0x0000000712c00000| Complete 
|  54|0x0000000712c00000, 0x0000000712e00000, 0x0000000712e00000|100%|HC|  |TAMS 0x0000000712e00000, 0x0000000712e00000| Complete 
|  55|0x0000000712e00000, 0x0000000713000000, 0x0000000713000000|100%|HC|  |TAMS 0x0000000713000000, 0x0000000713000000| Complete 
|  56|0x0000000713000000, 0x0000000713200000, 0x0000000713200000|100%| O|  |TAMS 0x0000000713200000, 0x0000000713200000| Untracked 
|  57|0x0000000713200000, 0x0000000713400000, 0x0000000713400000|100%| O|  |TAMS 0x0000000713400000, 0x0000000713400000| Untracked 
|  58|0x0000000713400000, 0x0000000713600000, 0x0000000713600000|100%| O|  |TAMS 0x0000000713600000, 0x0000000713600000| Untracked 
|  59|0x0000000713600000, 0x0000000713800000, 0x0000000713800000|100%| O|  |TAMS 0x0000000713800000, 0x0000000713800000| Untracked 
|  60|0x0000000713800000, 0x0000000713a00000, 0x0000000713a00000|100%| O|  |TAMS 0x0000000713a00000, 0x0000000713a00000| Untracked 
|  61|0x0000000713a00000, 0x0000000713c00000, 0x0000000713c00000|100%| O|  |TAMS 0x0000000713c00000, 0x0000000713c00000| Untracked 
|  62|0x0000000713c00000, 0x0000000713e00000, 0x0000000713e00000|100%| O|  |TAMS 0x0000000713e00000, 0x0000000713e00000| Untracked 
|  63|0x0000000713e00000, 0x0000000714000000, 0x0000000714000000|100%|HS|  |TAMS 0x0000000714000000, 0x0000000714000000| Complete 
|  64|0x0000000714000000, 0x0000000714200000, 0x0000000714200000|100%|HC|  |TAMS 0x0000000714200000, 0x0000000714200000| Complete 
|  65|0x0000000714200000, 0x0000000714400000, 0x0000000714400000|100%|HS|  |TAMS 0x0000000714400000, 0x0000000714400000| Complete 
|  66|0x0000000714400000, 0x0000000714600000, 0x0000000714600000|100%|HS|  |TAMS 0x0000000714600000, 0x0000000714600000| Complete 
|  67|0x0000000714600000, 0x0000000714800000, 0x0000000714800000|100%|HC|  |TAMS 0x0000000714800000, 0x0000000714800000| Complete 
|  68|0x0000000714800000, 0x0000000714a00000, 0x0000000714a00000|100%|HC|  |TAMS 0x0000000714a00000, 0x0000000714a00000| Complete 
|  69|0x0000000714a00000, 0x0000000714b55400, 0x0000000714c00000| 66%| O|  |TAMS 0x0000000714b55400, 0x0000000714b55400| Untracked 
|  70|0x0000000714c00000, 0x0000000714e00000, 0x0000000714e00000|100%|HS|  |TAMS 0x0000000714e00000, 0x0000000714e00000| Complete 
|  71|0x0000000714e00000, 0x0000000715000000, 0x0000000715000000|100%|HC|  |TAMS 0x0000000715000000, 0x0000000715000000| Complete 
|  72|0x0000000715000000, 0x0000000715200000, 0x0000000715200000|100%|HC|  |TAMS 0x0000000715200000, 0x0000000715200000| Complete 
|  73|0x0000000715200000, 0x0000000715400000, 0x0000000715400000|100%|HC|  |TAMS 0x0000000715400000, 0x0000000715400000| Complete 
|  74|0x0000000715400000, 0x0000000715600000, 0x0000000715600000|100%|HC|  |TAMS 0x0000000715600000, 0x0000000715600000| Complete 
|  75|0x0000000715600000, 0x0000000715800000, 0x0000000715800000|100%|HC|  |TAMS 0x0000000715800000, 0x0000000715800000| Complete 
|  76|0x0000000715800000, 0x0000000715a00000, 0x0000000715a00000|100%|HC|  |TAMS 0x0000000715a00000, 0x0000000715a00000| Complete 
|  77|0x0000000715a00000, 0x0000000715c00000, 0x0000000715c00000|100%|HC|  |TAMS 0x0000000715c00000, 0x0000000715c00000| Complete 
|  78|0x0000000715c00000, 0x0000000715e00000, 0x0000000715e00000|100%|HC|  |TAMS 0x0000000715e00000, 0x0000000715e00000| Complete 
|  79|0x0000000715e00000, 0x0000000716000000, 0x0000000716000000|100%|HS|  |TAMS 0x0000000716000000, 0x0000000716000000| Complete 
|  80|0x0000000716000000, 0x0000000716200000, 0x0000000716200000|100%|HC|  |TAMS 0x0000000716200000, 0x0000000716200000| Complete 
|  81|0x0000000716200000, 0x0000000716400000, 0x0000000716400000|100%|HS|  |TAMS 0x0000000716400000, 0x0000000716400000| Complete 
|  82|0x0000000716400000, 0x0000000716600000, 0x0000000716600000|100%|HC|  |TAMS 0x0000000716600000, 0x0000000716600000| Complete 
|  83|0x0000000716600000, 0x0000000716800000, 0x0000000716800000|100%|HC|  |TAMS 0x0000000716800000, 0x0000000716800000| Complete 
|  84|0x0000000716800000, 0x0000000716a00000, 0x0000000716a00000|100%|HC|  |TAMS 0x0000000716a00000, 0x0000000716a00000| Complete 
|  85|0x0000000716a00000, 0x0000000716c00000, 0x0000000716c00000|100%|HC|  |TAMS 0x0000000716c00000, 0x0000000716c00000| Complete 
|  86|0x0000000716c00000, 0x0000000716e00000, 0x0000000716e00000|100%|HC|  |TAMS 0x0000000716e00000, 0x0000000716e00000| Complete 
|  87|0x0000000716e00000, 0x0000000717000000, 0x0000000717000000|100%|HC|  |TAMS 0x0000000717000000, 0x0000000717000000| Complete 
|  88|0x0000000717000000, 0x0000000717200000, 0x0000000717200000|100%|HC|  |TAMS 0x0000000717200000, 0x0000000717200000| Complete 
|  89|0x0000000717200000, 0x0000000717400000, 0x0000000717400000|100%|HC|  |TAMS 0x0000000717400000, 0x0000000717400000| Complete 
|  90|0x0000000717400000, 0x0000000717600000, 0x0000000717600000|100%|HS|  |TAMS 0x0000000717600000, 0x0000000717600000| Complete 
|  91|0x0000000717600000, 0x0000000717800000, 0x0000000717800000|100%|HC|  |TAMS 0x0000000717800000, 0x0000000717800000| Complete 
|  92|0x0000000717800000, 0x0000000717a00000, 0x0000000717a00000|100%|HC|  |TAMS 0x0000000717a00000, 0x0000000717a00000| Complete 
|  93|0x0000000717a00000, 0x0000000717c00000, 0x0000000717c00000|100%|HS|  |TAMS 0x0000000717a00000, 0x0000000717c00000| Complete 
|  94|0x0000000717c00000, 0x0000000717e00000, 0x0000000717e00000|100%|HC|  |TAMS 0x0000000717c00000, 0x0000000717e00000| Complete 
|  95|0x0000000717e00000, 0x0000000718000000, 0x0000000718000000|100%|HC|  |TAMS 0x0000000717e00000, 0x0000000718000000| Complete 
|  96|0x0000000718000000, 0x0000000718200000, 0x0000000718200000|100%|HS|  |TAMS 0x0000000718000000, 0x0000000718000000| Complete 
|  97|0x0000000718200000, 0x0000000718400000, 0x0000000718400000|100%|HC|  |TAMS 0x0000000718200000, 0x0000000718200000| Complete 
|  98|0x0000000718400000, 0x0000000718600000, 0x0000000718600000|100%|HC|  |TAMS 0x0000000718400000, 0x0000000718400000| Complete 
|  99|0x0000000718600000, 0x0000000718800000, 0x0000000718800000|100%|HS|  |TAMS 0x0000000718600000, 0x0000000718600000| Complete 
| 100|0x0000000718800000, 0x0000000718a00000, 0x0000000718a00000|100%|HC|  |TAMS 0x0000000718800000, 0x0000000718800000| Complete 
| 101|0x0000000718a00000, 0x0000000718c00000, 0x0000000718c00000|100%|HC|  |TAMS 0x0000000718a00000, 0x0000000718a00000| Complete 
| 102|0x0000000718c00000, 0x0000000718e00000, 0x0000000718e00000|100%|HS|  |TAMS 0x0000000718c00000, 0x0000000718c00000| Complete 
| 103|0x0000000718e00000, 0x0000000719000000, 0x0000000719000000|100%|HC|  |TAMS 0x0000000718e00000, 0x0000000718e00000| Complete 
| 104|0x0000000719000000, 0x0000000719200000, 0x0000000719200000|100%|HC|  |TAMS 0x0000000719000000, 0x0000000719000000| Complete 
| 105|0x0000000719200000, 0x0000000719200000, 0x0000000719400000|  0%| F|  |TAMS 0x0000000719200000, 0x0000000719200000| Untracked 
| 106|0x0000000719400000, 0x0000000719400000, 0x0000000719600000|  0%| F|  |TAMS 0x0000000719400000, 0x0000000719400000| Untracked 
| 107|0x0000000719600000, 0x0000000719600000, 0x0000000719800000|  0%| F|  |TAMS 0x0000000719600000, 0x0000000719600000| Untracked 
| 108|0x0000000719800000, 0x0000000719800000, 0x0000000719a00000|  0%| F|  |TAMS 0x0000000719800000, 0x0000000719800000| Untracked 
| 109|0x0000000719a00000, 0x0000000719a00000, 0x0000000719c00000|  0%| F|  |TAMS 0x0000000719a00000, 0x0000000719a00000| Untracked 
| 110|0x0000000719c00000, 0x0000000719c00000, 0x0000000719e00000|  0%| F|  |TAMS 0x0000000719c00000, 0x0000000719c00000| Untracked 
| 111|0x0000000719e00000, 0x0000000719e00000, 0x000000071a000000|  0%| F|  |TAMS 0x0000000719e00000, 0x0000000719e00000| Untracked 
| 112|0x000000071a000000, 0x000000071a000000, 0x000000071a200000|  0%| F|  |TAMS 0x000000071a000000, 0x000000071a000000| Untracked 
| 113|0x000000071a200000, 0x000000071a200000, 0x000000071a400000|  0%| F|  |TAMS 0x000000071a200000, 0x000000071a200000| Untracked 
| 114|0x000000071a400000, 0x000000071a400000, 0x000000071a600000|  0%| F|  |TAMS 0x000000071a400000, 0x000000071a400000| Untracked 
| 115|0x000000071a600000, 0x000000071a600000, 0x000000071a800000|  0%| F|  |TAMS 0x000000071a600000, 0x000000071a600000| Untracked 
| 116|0x000000071a800000, 0x000000071a800000, 0x000000071aa00000|  0%| F|  |TAMS 0x000000071a800000, 0x000000071a800000| Untracked 
| 117|0x000000071aa00000, 0x000000071aa00000, 0x000000071ac00000|  0%| F|  |TAMS 0x000000071aa00000, 0x000000071aa00000| Untracked 
| 118|0x000000071ac00000, 0x000000071ac00000, 0x000000071ae00000|  0%| F|  |TAMS 0x000000071ac00000, 0x000000071ac00000| Untracked 
| 119|0x000000071ae00000, 0x000000071ae00000, 0x000000071b000000|  0%| F|  |TAMS 0x000000071ae00000, 0x000000071ae00000| Untracked 
| 120|0x000000071b000000, 0x000000071b000000, 0x000000071b200000|  0%| F|  |TAMS 0x000000071b000000, 0x000000071b000000| Untracked 
| 121|0x000000071b200000, 0x000000071b200000, 0x000000071b400000|  0%| F|  |TAMS 0x000000071b200000, 0x000000071b200000| Untracked 
| 122|0x000000071b400000, 0x000000071b400000, 0x000000071b600000|  0%| F|  |TAMS 0x000000071b400000, 0x000000071b400000| Untracked 
| 123|0x000000071b600000, 0x000000071b600000, 0x000000071b800000|  0%| F|  |TAMS 0x000000071b600000, 0x000000071b600000| Untracked 
| 124|0x000000071b800000, 0x000000071b800000, 0x000000071ba00000|  0%| F|  |TAMS 0x000000071b800000, 0x000000071b800000| Untracked 
| 125|0x000000071ba00000, 0x000000071ba00000, 0x000000071bc00000|  0%| F|  |TAMS 0x000000071ba00000, 0x000000071ba00000| Untracked 
| 126|0x000000071bc00000, 0x000000071bc00000, 0x000000071be00000|  0%| F|  |TAMS 0x000000071bc00000, 0x000000071bc00000| Untracked 
| 127|0x000000071be00000, 0x000000071be00000, 0x000000071c000000|  0%| F|  |TAMS 0x000000071be00000, 0x000000071be00000| Untracked 
| 128|0x000000071c000000, 0x000000071c000000, 0x000000071c200000|  0%| F|  |TAMS 0x000000071c000000, 0x000000071c000000| Untracked 
| 129|0x000000071c200000, 0x000000071c200000, 0x000000071c400000|  0%| F|  |TAMS 0x000000071c200000, 0x000000071c200000| Untracked 
| 130|0x000000071c400000, 0x000000071c400000, 0x000000071c600000|  0%| F|  |TAMS 0x000000071c400000, 0x000000071c400000| Untracked 
| 131|0x000000071c600000, 0x000000071c600000, 0x000000071c800000|  0%| F|  |TAMS 0x000000071c600000, 0x000000071c600000| Untracked 
| 132|0x000000071c800000, 0x000000071c800000, 0x000000071ca00000|  0%| F|  |TAMS 0x000000071c800000, 0x000000071c800000| Untracked 
| 133|0x000000071ca00000, 0x000000071ca00000, 0x000000071cc00000|  0%| F|  |TAMS 0x000000071ca00000, 0x000000071ca00000| Untracked 
| 134|0x000000071cc00000, 0x000000071cc00000, 0x000000071ce00000|  0%| F|  |TAMS 0x000000071cc00000, 0x000000071cc00000| Untracked 
| 135|0x000000071ce00000, 0x000000071ce00000, 0x000000071d000000|  0%| F|  |TAMS 0x000000071ce00000, 0x000000071ce00000| Untracked 
| 136|0x000000071d000000, 0x000000071d000000, 0x000000071d200000|  0%| F|  |TAMS 0x000000071d000000, 0x000000071d000000| Untracked 
| 137|0x000000071d200000, 0x000000071d200000, 0x000000071d400000|  0%| F|  |TAMS 0x000000071d200000, 0x000000071d200000| Untracked 
| 138|0x000000071d400000, 0x000000071d400000, 0x000000071d600000|  0%| F|  |TAMS 0x000000071d400000, 0x000000071d400000| Untracked 
| 139|0x000000071d600000, 0x000000071d661bf8, 0x000000071d800000| 19%| S|CS|TAMS 0x000000071d600000, 0x000000071d600000| Complete 
| 140|0x000000071d800000, 0x000000071da00000, 0x000000071da00000|100%| S|CS|TAMS 0x000000071d800000, 0x000000071d800000| Complete 
| 141|0x000000071da00000, 0x000000071da00000, 0x000000071dc00000|  0%| F|  |TAMS 0x000000071da00000, 0x000000071da00000| Untracked 
| 142|0x000000071dc00000, 0x000000071dc00000, 0x000000071de00000|  0%| F|  |TAMS 0x000000071dc00000, 0x000000071dc00000| Untracked 
| 143|0x000000071de00000, 0x000000071de00000, 0x000000071e000000|  0%| F|  |TAMS 0x000000071de00000, 0x000000071de00000| Untracked 
| 144|0x000000071e000000, 0x000000071e200000, 0x000000071e200000|100%| S|CS|TAMS 0x000000071e000000, 0x000000071e000000| Complete 
| 145|0x000000071e200000, 0x000000071e200000, 0x000000071e400000|  0%| F|  |TAMS 0x000000071e200000, 0x000000071e200000| Untracked 
| 146|0x000000071e400000, 0x000000071e400000, 0x000000071e600000|  0%| F|  |TAMS 0x000000071e400000, 0x000000071e400000| Untracked 
| 147|0x000000071e600000, 0x000000071e600000, 0x000000071e800000|  0%| F|  |TAMS 0x000000071e600000, 0x000000071e600000| Untracked 
| 148|0x000000071e800000, 0x000000071e800000, 0x000000071ea00000|  0%| F|  |TAMS 0x000000071e800000, 0x000000071e800000| Untracked 
| 149|0x000000071ea00000, 0x000000071ea00000, 0x000000071ec00000|  0%| F|  |TAMS 0x000000071ea00000, 0x000000071ea00000| Untracked 
| 150|0x000000071ec00000, 0x000000071ec00000, 0x000000071ee00000|  0%| F|  |TAMS 0x000000071ec00000, 0x000000071ec00000| Untracked 
| 151|0x000000071ee00000, 0x000000071ee00000, 0x000000071f000000|  0%| F|  |TAMS 0x000000071ee00000, 0x000000071ee00000| Untracked 
| 152|0x000000071f000000, 0x000000071f000000, 0x000000071f200000|  0%| F|  |TAMS 0x000000071f000000, 0x000000071f000000| Untracked 
| 153|0x000000071f200000, 0x000000071f200000, 0x000000071f400000|  0%| F|  |TAMS 0x000000071f200000, 0x000000071f200000| Untracked 
| 154|0x000000071f400000, 0x000000071f400000, 0x000000071f600000|  0%| F|  |TAMS 0x000000071f400000, 0x000000071f400000| Untracked 
| 155|0x000000071f600000, 0x000000071f600000, 0x000000071f800000|  0%| F|  |TAMS 0x000000071f600000, 0x000000071f600000| Untracked 
| 156|0x000000071f800000, 0x000000071f800000, 0x000000071fa00000|  0%| F|  |TAMS 0x000000071f800000, 0x000000071f800000| Untracked 
| 157|0x000000071fa00000, 0x000000071fa00000, 0x000000071fc00000|  0%| F|  |TAMS 0x000000071fa00000, 0x000000071fa00000| Untracked 
| 158|0x000000071fc00000, 0x000000071fc00000, 0x000000071fe00000|  0%| F|  |TAMS 0x000000071fc00000, 0x000000071fc00000| Untracked 
| 159|0x000000071fe00000, 0x000000071fe00000, 0x0000000720000000|  0%| F|  |TAMS 0x000000071fe00000, 0x000000071fe00000| Untracked 
| 160|0x0000000720000000, 0x0000000720000000, 0x0000000720200000|  0%| F|  |TAMS 0x0000000720000000, 0x0000000720000000| Untracked 
| 161|0x0000000720200000, 0x0000000720200000, 0x0000000720400000|  0%| F|  |TAMS 0x0000000720200000, 0x0000000720200000| Untracked 
| 162|0x0000000720400000, 0x0000000720400000, 0x0000000720600000|  0%| F|  |TAMS 0x0000000720400000, 0x0000000720400000| Untracked 
| 163|0x0000000720600000, 0x0000000720600000, 0x0000000720800000|  0%| F|  |TAMS 0x0000000720600000, 0x0000000720600000| Untracked 
| 164|0x0000000720800000, 0x0000000720800000, 0x0000000720a00000|  0%| F|  |TAMS 0x0000000720800000, 0x0000000720800000| Untracked 
| 165|0x0000000720a00000, 0x0000000720a00000, 0x0000000720c00000|  0%| F|  |TAMS 0x0000000720a00000, 0x0000000720a00000| Untracked 
| 166|0x0000000720c00000, 0x0000000720c00000, 0x0000000720e00000|  0%| F|  |TAMS 0x0000000720c00000, 0x0000000720c00000| Untracked 
| 167|0x0000000720e00000, 0x0000000720e00000, 0x0000000721000000|  0%| F|  |TAMS 0x0000000720e00000, 0x0000000720e00000| Untracked 
| 168|0x0000000721000000, 0x0000000721000000, 0x0000000721200000|  0%| F|  |TAMS 0x0000000721000000, 0x0000000721000000| Untracked 
| 169|0x0000000721200000, 0x0000000721200000, 0x0000000721400000|  0%| F|  |TAMS 0x0000000721200000, 0x0000000721200000| Untracked 
| 170|0x0000000721400000, 0x0000000721400000, 0x0000000721600000|  0%| F|  |TAMS 0x0000000721400000, 0x0000000721400000| Untracked 
| 171|0x0000000721600000, 0x0000000721600000, 0x0000000721800000|  0%| F|  |TAMS 0x0000000721600000, 0x0000000721600000| Untracked 
| 172|0x0000000721800000, 0x0000000721800000, 0x0000000721a00000|  0%| F|  |TAMS 0x0000000721800000, 0x0000000721800000| Untracked 
| 173|0x0000000721a00000, 0x0000000721a00000, 0x0000000721c00000|  0%| F|  |TAMS 0x0000000721a00000, 0x0000000721a00000| Untracked 
| 174|0x0000000721c00000, 0x0000000721c00000, 0x0000000721e00000|  0%| F|  |TAMS 0x0000000721c00000, 0x0000000721c00000| Untracked 
| 175|0x0000000721e00000, 0x0000000721e00000, 0x0000000722000000|  0%| F|  |TAMS 0x0000000721e00000, 0x0000000721e00000| Untracked 
| 176|0x0000000722000000, 0x0000000722000000, 0x0000000722200000|  0%| F|  |TAMS 0x0000000722000000, 0x0000000722000000| Untracked 
| 177|0x0000000722200000, 0x0000000722200000, 0x0000000722400000|  0%| F|  |TAMS 0x0000000722200000, 0x0000000722200000| Untracked 
| 178|0x0000000722400000, 0x0000000722400000, 0x0000000722600000|  0%| F|  |TAMS 0x0000000722400000, 0x0000000722400000| Untracked 
| 179|0x0000000722600000, 0x0000000722600000, 0x0000000722800000|  0%| F|  |TAMS 0x0000000722600000, 0x0000000722600000| Untracked 
| 180|0x0000000722800000, 0x0000000722800000, 0x0000000722a00000|  0%| F|  |TAMS 0x0000000722800000, 0x0000000722800000| Untracked 
| 181|0x0000000722a00000, 0x0000000722a00000, 0x0000000722c00000|  0%| F|  |TAMS 0x0000000722a00000, 0x0000000722a00000| Untracked 
| 182|0x0000000722c00000, 0x0000000722c00000, 0x0000000722e00000|  0%| F|  |TAMS 0x0000000722c00000, 0x0000000722c00000| Untracked 
| 183|0x0000000722e00000, 0x0000000722e00000, 0x0000000723000000|  0%| F|  |TAMS 0x0000000722e00000, 0x0000000722e00000| Untracked 
| 184|0x0000000723000000, 0x0000000723000000, 0x0000000723200000|  0%| F|  |TAMS 0x0000000723000000, 0x0000000723000000| Untracked 
| 185|0x0000000723200000, 0x0000000723200000, 0x0000000723400000|  0%| F|  |TAMS 0x0000000723200000, 0x0000000723200000| Untracked 
| 186|0x0000000723400000, 0x0000000723400000, 0x0000000723600000|  0%| F|  |TAMS 0x0000000723400000, 0x0000000723400000| Untracked 
| 187|0x0000000723600000, 0x0000000723600000, 0x0000000723800000|  0%| F|  |TAMS 0x0000000723600000, 0x0000000723600000| Untracked 
| 188|0x0000000723800000, 0x0000000723800000, 0x0000000723a00000|  0%| F|  |TAMS 0x0000000723800000, 0x0000000723800000| Untracked 
| 189|0x0000000723a00000, 0x0000000723a00000, 0x0000000723c00000|  0%| F|  |TAMS 0x0000000723a00000, 0x0000000723a00000| Untracked 
| 190|0x0000000723c00000, 0x0000000723c00000, 0x0000000723e00000|  0%| F|  |TAMS 0x0000000723c00000, 0x0000000723c00000| Untracked 
| 191|0x0000000723e00000, 0x0000000723e00000, 0x0000000724000000|  0%| F|  |TAMS 0x0000000723e00000, 0x0000000723e00000| Untracked 
| 192|0x0000000724000000, 0x0000000724000000, 0x0000000724200000|  0%| F|  |TAMS 0x0000000724000000, 0x0000000724000000| Untracked 
| 193|0x0000000724200000, 0x0000000724200000, 0x0000000724400000|  0%| F|  |TAMS 0x0000000724200000, 0x0000000724200000| Untracked 
| 194|0x0000000724400000, 0x0000000724400000, 0x0000000724600000|  0%| F|  |TAMS 0x0000000724400000, 0x0000000724400000| Untracked 
| 195|0x0000000724600000, 0x0000000724600000, 0x0000000724800000|  0%| F|  |TAMS 0x0000000724600000, 0x0000000724600000| Untracked 
| 196|0x0000000724800000, 0x0000000724800000, 0x0000000724a00000|  0%| F|  |TAMS 0x0000000724800000, 0x0000000724800000| Untracked 
| 197|0x0000000724a00000, 0x0000000724a00000, 0x0000000724c00000|  0%| F|  |TAMS 0x0000000724a00000, 0x0000000724a00000| Untracked 
| 198|0x0000000724c00000, 0x0000000724c00000, 0x0000000724e00000|  0%| F|  |TAMS 0x0000000724c00000, 0x0000000724c00000| Untracked 
| 199|0x0000000724e00000, 0x0000000724e00000, 0x0000000725000000|  0%| F|  |TAMS 0x0000000724e00000, 0x0000000724e00000| Untracked 
| 200|0x0000000725000000, 0x0000000725000000, 0x0000000725200000|  0%| F|  |TAMS 0x0000000725000000, 0x0000000725000000| Untracked 
| 201|0x0000000725200000, 0x0000000725200000, 0x0000000725400000|  0%| F|  |TAMS 0x0000000725200000, 0x0000000725200000| Untracked 
| 202|0x0000000725400000, 0x0000000725400000, 0x0000000725600000|  0%| F|  |TAMS 0x0000000725400000, 0x0000000725400000| Untracked 
| 203|0x0000000725600000, 0x0000000725600000, 0x0000000725800000|  0%| F|  |TAMS 0x0000000725600000, 0x0000000725600000| Untracked 
| 204|0x0000000725800000, 0x0000000725800000, 0x0000000725a00000|  0%| F|  |TAMS 0x0000000725800000, 0x0000000725800000| Untracked 
| 205|0x0000000725a00000, 0x0000000725a00000, 0x0000000725c00000|  0%| F|  |TAMS 0x0000000725a00000, 0x0000000725a00000| Untracked 
| 206|0x0000000725c00000, 0x0000000725c00000, 0x0000000725e00000|  0%| F|  |TAMS 0x0000000725c00000, 0x0000000725c00000| Untracked 
| 207|0x0000000725e00000, 0x0000000725e00000, 0x0000000726000000|  0%| F|  |TAMS 0x0000000725e00000, 0x0000000725e00000| Untracked 
| 208|0x0000000726000000, 0x0000000726000000, 0x0000000726200000|  0%| F|  |TAMS 0x0000000726000000, 0x0000000726000000| Untracked 
| 209|0x0000000726200000, 0x0000000726200000, 0x0000000726400000|  0%| F|  |TAMS 0x0000000726200000, 0x0000000726200000| Untracked 
| 210|0x0000000726400000, 0x0000000726561448, 0x0000000726600000| 68%| E|  |TAMS 0x0000000726400000, 0x0000000726400000| Complete 
| 211|0x0000000726600000, 0x0000000726800000, 0x0000000726800000|100%| E|CS|TAMS 0x0000000726600000, 0x0000000726600000| Complete 
| 212|0x0000000726800000, 0x0000000726a00000, 0x0000000726a00000|100%| E|CS|TAMS 0x0000000726800000, 0x0000000726800000| Complete 
| 213|0x0000000726a00000, 0x0000000726c00000, 0x0000000726c00000|100%| E|CS|TAMS 0x0000000726a00000, 0x0000000726a00000| Complete 
| 214|0x0000000726c00000, 0x0000000726e00000, 0x0000000726e00000|100%| E|CS|TAMS 0x0000000726c00000, 0x0000000726c00000| Complete 
| 215|0x0000000726e00000, 0x0000000727000000, 0x0000000727000000|100%| E|CS|TAMS 0x0000000726e00000, 0x0000000726e00000| Complete 
| 216|0x0000000727000000, 0x0000000727200000, 0x0000000727200000|100%| E|CS|TAMS 0x0000000727000000, 0x0000000727000000| Complete 
| 217|0x0000000727200000, 0x0000000727400000, 0x0000000727400000|100%| E|CS|TAMS 0x0000000727200000, 0x0000000727200000| Complete 
| 218|0x0000000727400000, 0x0000000727600000, 0x0000000727600000|100%| E|CS|TAMS 0x0000000727400000, 0x0000000727400000| Complete 
| 219|0x0000000727600000, 0x0000000727800000, 0x0000000727800000|100%| E|CS|TAMS 0x0000000727600000, 0x0000000727600000| Complete 
| 220|0x0000000727800000, 0x0000000727a00000, 0x0000000727a00000|100%| E|CS|TAMS 0x0000000727800000, 0x0000000727800000| Complete 
| 221|0x0000000727a00000, 0x0000000727c00000, 0x0000000727c00000|100%| E|CS|TAMS 0x0000000727a00000, 0x0000000727a00000| Complete 
| 222|0x0000000727c00000, 0x0000000727e00000, 0x0000000727e00000|100%| E|CS|TAMS 0x0000000727c00000, 0x0000000727c00000| Complete 
| 223|0x0000000727e00000, 0x0000000728000000, 0x0000000728000000|100%| E|CS|TAMS 0x0000000727e00000, 0x0000000727e00000| Complete 
| 224|0x0000000728000000, 0x0000000728200000, 0x0000000728200000|100%| E|CS|TAMS 0x0000000728000000, 0x0000000728000000| Complete 
| 225|0x0000000728200000, 0x0000000728400000, 0x0000000728400000|100%| E|CS|TAMS 0x0000000728200000, 0x0000000728200000| Complete 
| 226|0x0000000728400000, 0x0000000728600000, 0x0000000728600000|100%| E|CS|TAMS 0x0000000728400000, 0x0000000728400000| Complete 
| 227|0x0000000728600000, 0x0000000728800000, 0x0000000728800000|100%| E|CS|TAMS 0x0000000728600000, 0x0000000728600000| Complete 
| 228|0x0000000728800000, 0x0000000728a00000, 0x0000000728a00000|100%| E|CS|TAMS 0x0000000728800000, 0x0000000728800000| Complete 
| 229|0x0000000728a00000, 0x0000000728c00000, 0x0000000728c00000|100%| E|CS|TAMS 0x0000000728a00000, 0x0000000728a00000| Complete 
| 230|0x0000000728c00000, 0x0000000728e00000, 0x0000000728e00000|100%| E|CS|TAMS 0x0000000728c00000, 0x0000000728c00000| Complete 
| 231|0x0000000728e00000, 0x0000000729000000, 0x0000000729000000|100%| E|CS|TAMS 0x0000000728e00000, 0x0000000728e00000| Complete 
| 232|0x0000000729000000, 0x0000000729200000, 0x0000000729200000|100%| E|CS|TAMS 0x0000000729000000, 0x0000000729000000| Complete 
| 233|0x0000000729200000, 0x0000000729400000, 0x0000000729400000|100%| E|CS|TAMS 0x0000000729200000, 0x0000000729200000| Complete 
| 234|0x0000000729400000, 0x0000000729600000, 0x0000000729600000|100%| E|CS|TAMS 0x0000000729400000, 0x0000000729400000| Complete 
| 235|0x0000000729600000, 0x0000000729800000, 0x0000000729800000|100%| E|CS|TAMS 0x0000000729600000, 0x0000000729600000| Complete 
| 236|0x0000000729800000, 0x0000000729a00000, 0x0000000729a00000|100%| E|CS|TAMS 0x0000000729800000, 0x0000000729800000| Complete 
| 237|0x0000000729a00000, 0x0000000729c00000, 0x0000000729c00000|100%| E|CS|TAMS 0x0000000729a00000, 0x0000000729a00000| Complete 
| 238|0x0000000729c00000, 0x0000000729e00000, 0x0000000729e00000|100%| E|CS|TAMS 0x0000000729c00000, 0x0000000729c00000| Complete 
| 239|0x0000000729e00000, 0x000000072a000000, 0x000000072a000000|100%| E|CS|TAMS 0x0000000729e00000, 0x0000000729e00000| Complete 
| 240|0x000000072a000000, 0x000000072a200000, 0x000000072a200000|100%| E|CS|TAMS 0x000000072a000000, 0x000000072a000000| Complete 
| 241|0x000000072a200000, 0x000000072a400000, 0x000000072a400000|100%| E|CS|TAMS 0x000000072a200000, 0x000000072a200000| Complete 
| 242|0x000000072a400000, 0x000000072a600000, 0x000000072a600000|100%| E|CS|TAMS 0x000000072a400000, 0x000000072a400000| Complete 
| 243|0x000000072a600000, 0x000000072a800000, 0x000000072a800000|100%| E|CS|TAMS 0x000000072a600000, 0x000000072a600000| Complete 
| 244|0x000000072a800000, 0x000000072aa00000, 0x000000072aa00000|100%| E|CS|TAMS 0x000000072a800000, 0x000000072a800000| Complete 
| 245|0x000000072aa00000, 0x000000072ac00000, 0x000000072ac00000|100%| E|CS|TAMS 0x000000072aa00000, 0x000000072aa00000| Complete 
| 246|0x000000072ac00000, 0x000000072ae00000, 0x000000072ae00000|100%| E|CS|TAMS 0x000000072ac00000, 0x000000072ac00000| Complete 
| 247|0x000000072ae00000, 0x000000072b000000, 0x000000072b000000|100%| E|CS|TAMS 0x000000072ae00000, 0x000000072ae00000| Complete 
| 248|0x000000072b000000, 0x000000072b200000, 0x000000072b200000|100%| E|CS|TAMS 0x000000072b000000, 0x000000072b000000| Complete 
| 249|0x000000072b200000, 0x000000072b400000, 0x000000072b400000|100%| E|CS|TAMS 0x000000072b200000, 0x000000072b200000| Complete 
| 250|0x000000072b400000, 0x000000072b600000, 0x000000072b600000|100%| E|CS|TAMS 0x000000072b400000, 0x000000072b400000| Complete 
| 251|0x000000072b600000, 0x000000072b800000, 0x000000072b800000|100%| E|CS|TAMS 0x000000072b600000, 0x000000072b600000| Complete 
| 252|0x000000072b800000, 0x000000072ba00000, 0x000000072ba00000|100%| E|CS|TAMS 0x000000072b800000, 0x000000072b800000| Complete 
| 253|0x000000072ba00000, 0x000000072bc00000, 0x000000072bc00000|100%| E|CS|TAMS 0x000000072ba00000, 0x000000072ba00000| Complete 
| 254|0x000000072bc00000, 0x000000072be00000, 0x000000072be00000|100%| E|CS|TAMS 0x000000072bc00000, 0x000000072bc00000| Complete 
| 255|0x000000072be00000, 0x000000072c000000, 0x000000072c000000|100%| E|CS|TAMS 0x000000072be00000, 0x000000072be00000| Complete 
| 256|0x000000072c000000, 0x000000072c200000, 0x000000072c200000|100%| E|CS|TAMS 0x000000072c000000, 0x000000072c000000| Complete 
| 257|0x000000072c200000, 0x000000072c400000, 0x000000072c400000|100%| E|CS|TAMS 0x000000072c200000, 0x000000072c200000| Complete 
| 258|0x000000072c400000, 0x000000072c600000, 0x000000072c600000|100%| E|CS|TAMS 0x000000072c400000, 0x000000072c400000| Complete 
| 259|0x000000072c600000, 0x000000072c800000, 0x000000072c800000|100%| E|CS|TAMS 0x000000072c600000, 0x000000072c600000| Complete 
| 260|0x000000072c800000, 0x000000072ca00000, 0x000000072ca00000|100%| E|CS|TAMS 0x000000072c800000, 0x000000072c800000| Complete 
| 261|0x000000072ca00000, 0x000000072cc00000, 0x000000072cc00000|100%| E|CS|TAMS 0x000000072ca00000, 0x000000072ca00000| Complete 
| 262|0x000000072cc00000, 0x000000072ce00000, 0x000000072ce00000|100%| E|CS|TAMS 0x000000072cc00000, 0x000000072cc00000| Complete 
| 263|0x000000072ce00000, 0x000000072d000000, 0x000000072d000000|100%| E|CS|TAMS 0x000000072ce00000, 0x000000072ce00000| Complete 
| 264|0x000000072d000000, 0x000000072d200000, 0x000000072d200000|100%| E|CS|TAMS 0x000000072d000000, 0x000000072d000000| Complete 
| 265|0x000000072d200000, 0x000000072d400000, 0x000000072d400000|100%| E|CS|TAMS 0x000000072d200000, 0x000000072d200000| Complete 
| 266|0x000000072d400000, 0x000000072d600000, 0x000000072d600000|100%| E|CS|TAMS 0x000000072d400000, 0x000000072d400000| Complete 
| 267|0x000000072d600000, 0x000000072d800000, 0x000000072d800000|100%| E|CS|TAMS 0x000000072d600000, 0x000000072d600000| Complete 
| 268|0x000000072d800000, 0x000000072da00000, 0x000000072da00000|100%| E|CS|TAMS 0x000000072d800000, 0x000000072d800000| Complete 
| 269|0x000000072da00000, 0x000000072dc00000, 0x000000072dc00000|100%| E|CS|TAMS 0x000000072da00000, 0x000000072da00000| Complete 
| 270|0x000000072dc00000, 0x000000072de00000, 0x000000072de00000|100%| E|CS|TAMS 0x000000072dc00000, 0x000000072dc00000| Complete 
| 271|0x000000072de00000, 0x000000072e000000, 0x000000072e000000|100%| E|CS|TAMS 0x000000072de00000, 0x000000072de00000| Complete 
| 272|0x000000072e000000, 0x000000072e200000, 0x000000072e200000|100%| E|CS|TAMS 0x000000072e000000, 0x000000072e000000| Complete 
| 273|0x000000072e200000, 0x000000072e400000, 0x000000072e400000|100%| E|CS|TAMS 0x000000072e200000, 0x000000072e200000| Complete 
| 274|0x000000072e400000, 0x000000072e600000, 0x000000072e600000|100%| E|CS|TAMS 0x000000072e400000, 0x000000072e400000| Complete 
| 275|0x000000072e600000, 0x000000072e800000, 0x000000072e800000|100%| E|CS|TAMS 0x000000072e600000, 0x000000072e600000| Complete 
| 276|0x000000072e800000, 0x000000072ea00000, 0x000000072ea00000|100%| E|CS|TAMS 0x000000072e800000, 0x000000072e800000| Complete 
| 277|0x000000072ea00000, 0x000000072ec00000, 0x000000072ec00000|100%| E|CS|TAMS 0x000000072ea00000, 0x000000072ea00000| Complete 
| 278|0x000000072ec00000, 0x000000072ee00000, 0x000000072ee00000|100%| E|CS|TAMS 0x000000072ec00000, 0x000000072ec00000| Complete 
| 279|0x000000072ee00000, 0x000000072f000000, 0x000000072f000000|100%| E|CS|TAMS 0x000000072ee00000, 0x000000072ee00000| Complete 
| 280|0x000000072f000000, 0x000000072f200000, 0x000000072f200000|100%| E|CS|TAMS 0x000000072f000000, 0x000000072f000000| Complete 
| 281|0x000000072f200000, 0x000000072f400000, 0x000000072f400000|100%| E|CS|TAMS 0x000000072f200000, 0x000000072f200000| Complete 
| 282|0x000000072f400000, 0x000000072f600000, 0x000000072f600000|100%| E|CS|TAMS 0x000000072f400000, 0x000000072f400000| Complete 
| 283|0x000000072f600000, 0x000000072f800000, 0x000000072f800000|100%| E|CS|TAMS 0x000000072f600000, 0x000000072f600000| Complete 
| 284|0x000000072f800000, 0x000000072fa00000, 0x000000072fa00000|100%| E|CS|TAMS 0x000000072f800000, 0x000000072f800000| Complete 
| 285|0x000000072fa00000, 0x000000072fc00000, 0x000000072fc00000|100%| E|CS|TAMS 0x000000072fa00000, 0x000000072fa00000| Complete 
| 286|0x000000072fc00000, 0x000000072fe00000, 0x000000072fe00000|100%| E|CS|TAMS 0x000000072fc00000, 0x000000072fc00000| Complete 
| 287|0x000000072fe00000, 0x0000000730000000, 0x0000000730000000|100%| E|CS|TAMS 0x000000072fe00000, 0x000000072fe00000| Complete 
| 288|0x0000000730000000, 0x0000000730200000, 0x0000000730200000|100%| E|CS|TAMS 0x0000000730000000, 0x0000000730000000| Complete 
| 289|0x0000000730200000, 0x0000000730400000, 0x0000000730400000|100%| E|CS|TAMS 0x0000000730200000, 0x0000000730200000| Complete 
| 290|0x0000000730400000, 0x0000000730600000, 0x0000000730600000|100%| E|CS|TAMS 0x0000000730400000, 0x0000000730400000| Complete 
| 291|0x0000000730600000, 0x0000000730800000, 0x0000000730800000|100%| E|CS|TAMS 0x0000000730600000, 0x0000000730600000| Complete 
| 292|0x0000000730800000, 0x0000000730a00000, 0x0000000730a00000|100%| E|CS|TAMS 0x0000000730800000, 0x0000000730800000| Complete 

Card table byte_map: [0x00000163e2f30000,0x00000163e36d0000] _byte_map_base: 0x00000163df6d0000

Marking Bits (Prev, Next): (CMBitMap*) 0x00000163cfada640, (CMBitMap*) 0x00000163cfada680
 Prev Bits: [0x00000163e3e70000, 0x00000163e7b70000)
 Next Bits: [0x00000163e7b70000, 0x00000163eb870000)

Polling page: 0x00000163cd9d0000

Metaspace:

Usage:
  Non-class:     19.71 MB used.
      Class:      2.19 MB used.
       Both:     21.90 MB used.

Virtual space:
  Non-class space:       64.00 MB reserved,      19.88 MB ( 31%) committed,  1 nodes.
      Class space:        1.00 GB reserved,       2.38 MB ( <1%) committed,  1 nodes.
             Both:        1.06 GB reserved,      22.25 MB (  2%) committed. 

Chunk freelists:
   Non-Class:  12.08 MB
       Class:  13.62 MB
        Both:  25.70 MB

MaxMetaspaceSize: unlimited
CompressedClassSpaceSize: 1.00 GB
Initial GC threshold: 21.00 MB
Current GC threshold: 36.19 MB
CDS: off
MetaspaceReclaimPolicy: balanced
 - commit_granule_bytes: 65536.
 - commit_granule_words: 8192.
 - virtual_space_node_default_size: 8388608.
 - enlarge_chunks_in_place: 1.
 - new_chunks_are_fully_committed: 0.
 - uncommit_free_chunks: 1.
 - use_allocation_guard: 0.
 - handle_deallocations: 1.


Internal statistics:

num_allocs_failed_limit: 3.
num_arena_births: 400.
num_arena_deaths: 0.
num_vsnodes_births: 2.
num_vsnodes_deaths: 0.
num_space_committed: 356.
num_space_uncommitted: 0.
num_chunks_returned_to_freelist: 3.
num_chunks_taken_from_freelist: 608.
num_chunk_merges: 3.
num_chunk_splits: 390.
num_chunks_enlarged: 232.
num_inconsistent_stats: 0.

CodeHeap 'non-profiled nmethods': size=120000Kb used=2756Kb max_used=3019Kb free=117243Kb
 bounds [0x00000163dad00000, 0x00000163db000000, 0x00000163e2230000]
CodeHeap 'profiled nmethods': size=120000Kb used=5697Kb max_used=7847Kb free=114302Kb
 bounds [0x00000163d3230000, 0x00000163d39e0000, 0x00000163da760000]
CodeHeap 'non-nmethods': size=5760Kb used=1328Kb max_used=1391Kb free=4431Kb
 bounds [0x00000163da760000, 0x00000163da9d0000, 0x00000163dad00000]
 total_blobs=3858 nmethods=3188 adapters=582
 compilation: enabled
              stopped_count=0, restarted_count=0
 full_count=0

Compilation events (20 events):
Event: 14.306 Thread 0x000001638a1c4d30 3899       4       sun.java2d.SunGraphics2D::translate (68 bytes)
Event: 14.312 Thread 0x00000163ee702fb0 3900       4       main.java.org.game.Map.UnitRoom::isLeftDoor (26 bytes)
Event: 14.313 Thread 0x00000163ee702fb0 nmethod 3900 0x00000163dad37f90 code [0x00000163dad38100, 0x00000163dad38198]
Event: 14.317 Thread 0x000001638a1c4d30 nmethod 3899 0x00000163dadc7a90 code [0x00000163dadc7c40, 0x00000163dadc84a8]
Event: 14.321 Thread 0x000001638a1c4d30 3901   !   4       main.java.org.networking.HandlerManager::executeTasks (355 bytes)
Event: 14.381 Thread 0x00000163ee702fb0 3902       4       sun.awt.AppContext::getAppContext (51 bytes)
Event: 14.382 Thread 0x00000163ee702fb0 nmethod 3902 0x00000163dada3790 code [0x00000163dada3900, 0x00000163dada39b8]
Event: 14.665 Thread 0x00000163ee71b7d0 3903       3       java.awt.Container::getFocusTraversalKeys (26 bytes)
Event: 14.666 Thread 0x00000163ee71b7d0 nmethod 3903 0x00000163d3254610 code [0x00000163d32547c0, 0x00000163d3254a38]
Event: 14.666 Thread 0x00000163ee71b7d0 3904       3       java.awt.Component::getFocusTraversalKeys_NoIDCheck (47 bytes)
Event: 14.666 Thread 0x00000163ee71b7d0 nmethod 3904 0x00000163d3343f90 code [0x00000163d33441a0, 0x00000163d33447f8]
Event: 14.668 Thread 0x00000163ee71b7d0 3905       3       main.java.org.linalg.Vec2::<init> (15 bytes)
Event: 14.668 Thread 0x00000163ee71b7d0 nmethod 3905 0x00000163d325d990 code [0x00000163d325db20, 0x00000163d325dc98]
Event: 14.671 Thread 0x00000163ee71b7d0 3906       3       main.java.org.game.physics.Collider::resolveCollisionMN (631 bytes)
Event: 14.676 Thread 0x00000163ee71b7d0 nmethod 3906 0x00000163d39a9910 code [0x00000163d39aa060, 0x00000163d39af3f8]
Event: 14.734 Thread 0x00000163ee702fb0 3907       4       java.util.concurrent.locks.AbstractQueuedSynchronizer$Node::setStatusRelaxed (12 bytes)
Event: 14.735 Thread 0x00000163ee702fb0 nmethod 3907 0x00000163dada3310 code [0x00000163dada3480, 0x00000163dada34f8]
Event: 14.819 Thread 0x00000163ee702fb0 3908   !   4       sun.awt.PostEventQueue::flush (168 bytes)
Event: 14.869 Thread 0x00000163ee71b7d0 3910       3       main.java.org.game.physics.Collider::resolveCollisionMM (711 bytes)
Event: 14.875 Thread 0x00000163ee71b7d0 nmethod 3910 0x00000163d36c0990 code [0x00000163d36c1100, 0x00000163d36c6598]

GC Heap History (20 events):
Event: 6.484 GC heap before
{Heap before GC invocations=12 (full 0):
 garbage-first heap   total 290816K, used 161516K [0x000000070c000000, 0x0000000800000000)
  region size 2048K, 3 young (6144K), 1 survivors (2048K)
 Metaspace       used 21854K, committed 22208K, reserved 1114112K
  class space    used 2209K, committed 2368K, reserved 1048576K
}
Event: 6.485 GC heap after
{Heap after GC invocations=13 (full 0):
 garbage-first heap   total 376832K, used 159493K [0x000000070c000000, 0x0000000800000000)
  region size 2048K, 1 young (2048K), 1 survivors (2048K)
 Metaspace       used 21854K, committed 22208K, reserved 1114112K
  class space    used 2209K, committed 2368K, reserved 1048576K
}
Event: 6.733 GC heap before
{Heap before GC invocations=13 (full 0):
 garbage-first heap   total 376832K, used 186117K [0x000000070c000000, 0x0000000800000000)
  region size 2048K, 6 young (12288K), 1 survivors (2048K)
 Metaspace       used 21955K, committed 22272K, reserved 1114112K
  class space    used 2220K, committed 2368K, reserved 1048576K
}
Event: 6.736 GC heap after
{Heap after GC invocations=14 (full 0):
 garbage-first heap   total 376832K, used 180880K [0x000000070c000000, 0x0000000800000000)
  region size 2048K, 2 young (4096K), 2 survivors (4096K)
 Metaspace       used 21955K, committed 22272K, reserved 1114112K
  class space    used 2220K, committed 2368K, reserved 1048576K
}
Event: 6.800 GC heap before
{Heap before GC invocations=15 (full 0):
 garbage-first heap   total 376832K, used 191120K [0x000000070c000000, 0x0000000800000000)
  region size 2048K, 5 young (10240K), 2 survivors (4096K)
 Metaspace       used 21973K, committed 22336K, reserved 1114112K
  class space    used 2222K, committed 2368K, reserved 1048576K
}
Event: 6.801 GC heap after
{Heap after GC invocations=16 (full 0):
 garbage-first heap   total 376832K, used 185630K [0x000000070c000000, 0x0000000800000000)
  region size 2048K, 1 young (2048K), 1 survivors (2048K)
 Metaspace       used 21973K, committed 22336K, reserved 1114112K
  class space    used 2222K, committed 2368K, reserved 1048576K
}
Event: 6.880 GC heap before
{Heap before GC invocations=17 (full 0):
 garbage-first heap   total 376832K, used 197918K [0x000000070c000000, 0x0000000800000000)
  region size 2048K, 5 young (10240K), 1 survivors (2048K)
 Metaspace       used 21975K, committed 22336K, reserved 1114112K
  class space    used 2222K, committed 2368K, reserved 1048576K
}
Event: 6.882 GC heap after
{Heap after GC invocations=18 (full 0):
 garbage-first heap   total 376832K, used 193563K [0x000000070c000000, 0x0000000800000000)
  region size 2048K, 2 young (4096K), 2 survivors (4096K)
 Metaspace       used 21975K, committed 22336K, reserved 1114112K
  class space    used 2222K, committed 2368K, reserved 1048576K
}
Event: 6.928 GC heap before
{Heap before GC invocations=19 (full 0):
 garbage-first heap   total 376832K, used 203803K [0x000000070c000000, 0x0000000800000000)
  region size 2048K, 5 young (10240K), 2 survivors (4096K)
 Metaspace       used 21975K, committed 22336K, reserved 1114112K
  class space    used 2222K, committed 2368K, reserved 1048576K
}
Event: 7.289 GC heap after
{Heap after GC invocations=20 (full 0):
 garbage-first heap   total 600064K, used 199500K [0x000000070c000000, 0x0000000800000000)
  region size 2048K, 2 young (4096K), 2 survivors (4096K)
 Metaspace       used 21975K, committed 22336K, reserved 1114112K
  class space    used 2222K, committed 2368K, reserved 1048576K
}
Event: 7.971 GC heap before
{Heap before GC invocations=20 (full 0):
 garbage-first heap   total 600064K, used 269132K [0x000000070c000000, 0x0000000800000000)
  region size 2048K, 22 young (45056K), 2 survivors (4096K)
 Metaspace       used 22148K, committed 22528K, reserved 1114112K
  class space    used 2240K, committed 2432K, reserved 1048576K
}
Event: 7.974 GC heap after
{Heap after GC invocations=21 (full 0):
 garbage-first heap   total 600064K, used 230607K [0x000000070c000000, 0x0000000800000000)
  region size 2048K, 2 young (4096K), 2 survivors (4096K)
 Metaspace       used 22148K, committed 22528K, reserved 1114112K
  class space    used 2240K, committed 2432K, reserved 1048576K
}
Event: 10.289 GC heap before
{Heap before GC invocations=21 (full 0):
 garbage-first heap   total 600064K, used 482511K [0x000000070c000000, 0x0000000800000000)
  region size 2048K, 120 young (245760K), 2 survivors (4096K)
 Metaspace       used 22377K, committed 22784K, reserved 1114112K
  class space    used 2240K, committed 2432K, reserved 1048576K
}
Event: 10.292 GC heap after
{Heap after GC invocations=22 (full 0):
 garbage-first heap   total 600064K, used 231594K [0x000000070c000000, 0x0000000800000000)
  region size 2048K, 3 young (6144K), 3 survivors (6144K)
 Metaspace       used 22377K, committed 22784K, reserved 1114112K
  class space    used 2240K, committed 2432K, reserved 1048576K
}
Event: 11.734 GC heap before
{Heap before GC invocations=22 (full 0):
 garbage-first heap   total 600064K, used 514218K [0x000000070c000000, 0x0000000800000000)
  region size 2048K, 141 young (288768K), 3 survivors (6144K)
 Metaspace       used 22422K, committed 22784K, reserved 1114112K
  class space    used 2242K, committed 2432K, reserved 1048576K
}
Event: 11.736 GC heap after
{Heap after GC invocations=23 (full 0):
 garbage-first heap   total 600064K, used 218755K [0x000000070c000000, 0x0000000800000000)
  region size 2048K, 3 young (6144K), 3 survivors (6144K)
 Metaspace       used 22422K, committed 22784K, reserved 1114112K
  class space    used 2242K, committed 2432K, reserved 1048576K
}
Event: 13.056 GC heap before
{Heap before GC invocations=23 (full 0):
 garbage-first heap   total 600064K, used 517763K [0x000000070c000000, 0x0000000800000000)
  region size 2048K, 149 young (305152K), 3 survivors (6144K)
 Metaspace       used 22424K, committed 22784K, reserved 1114112K
  class space    used 2242K, committed 2432K, reserved 1048576K
}
Event: 13.059 GC heap after
{Heap after GC invocations=24 (full 0):
 garbage-first heap   total 600064K, used 218788K [0x000000070c000000, 0x0000000800000000)
  region size 2048K, 3 young (6144K), 3 survivors (6144K)
 Metaspace       used 22424K, committed 22784K, reserved 1114112K
  class space    used 2242K, committed 2432K, reserved 1048576K
}
Event: 14.218 GC heap before
{Heap before GC invocations=24 (full 0):
 garbage-first heap   total 600064K, used 521892K [0x000000070c000000, 0x0000000800000000)
  region size 2048K, 151 young (309248K), 3 survivors (6144K)
 Metaspace       used 22424K, committed 22784K, reserved 1114112K
  class space    used 2242K, committed 2432K, reserved 1048576K
}
Event: 14.220 GC heap after
{Heap after GC invocations=25 (full 0):
 garbage-first heap   total 600064K, used 218843K [0x000000070c000000, 0x0000000800000000)
  region size 2048K, 3 young (6144K), 3 survivors (6144K)
 Metaspace       used 22424K, committed 22784K, reserved 1114112K
  class space    used 2242K, committed 2432K, reserved 1048576K
}

Dll operation events (2 events):
Event: 0.013 Loaded shared library C:\Users\kuruc\.jdks\jbr-17.0.9\bin\java.dll
Event: 0.095 Loaded shared library C:\Users\kuruc\.jdks\jbr-17.0.9\bin\jsvml.dll

Deoptimization events (20 events):
Event: 12.723 Thread 0x00000163cfa700a0 DEOPT PACKING pc=0x00000163daf4a914 sp=0x00000020338ff0e0
Event: 12.723 Thread 0x00000163cfa700a0 DEOPT UNPACKING pc=0x00000163da7b69a3 sp=0x00000020338ff0b0 mode 2
Event: 12.723 Thread 0x00000163fb5d5fc0 Uncommon trap: trap_request=0xffffff45 fr.pc=0x00000163daee8520 relative=0x0000000000000da0
Event: 12.723 Thread 0x00000163fb5d5fc0 Uncommon trap: reason=unstable_if action=reinterpret pc=0x00000163daee8520 method=jdk.internal.math.FloatingDecimal.readJavaFormatString(Ljava/lang/String;)Ljdk/internal/math/FloatingDecimal$ASCIIToBinaryConverter; @ 396 c2
Event: 12.723 Thread 0x00000163fb5d5fc0 DEOPT PACKING pc=0x00000163daee8520 sp=0x0000002036bff1d0
Event: 12.723 Thread 0x00000163fb5d5fc0 DEOPT UNPACKING pc=0x00000163da7b69a3 sp=0x0000002036bff130 mode 2
Event: 12.842 Thread 0x00000163cfa700a0 DEOPT PACKING pc=0x00000163d3940310 sp=0x00000020338ff110
Event: 12.842 Thread 0x00000163cfa700a0 DEOPT UNPACKING pc=0x00000163da7b7143 sp=0x00000020338fe5d8 mode 0
Event: 13.264 Thread 0x00000163fb5d5fc0 Uncommon trap: trap_request=0xffffff45 fr.pc=0x00000163daf55744 relative=0x00000000000015a4
Event: 13.264 Thread 0x00000163fb5d5fc0 Uncommon trap: reason=unstable_if action=reinterpret pc=0x00000163daf55744 method=jdk.internal.math.FDBigInteger.cmp(Ljdk/internal/math/FDBigInteger;)I @ 48 c2
Event: 13.264 Thread 0x00000163fb5d5fc0 DEOPT PACKING pc=0x00000163daf55744 sp=0x0000002036bff1d0
Event: 13.264 Thread 0x00000163fb5d5fc0 DEOPT UNPACKING pc=0x00000163da7b69a3 sp=0x0000002036bff060 mode 2
Event: 14.671 Thread 0x00000163cfa700a0 Uncommon trap: trap_request=0xffffff45 fr.pc=0x00000163dafe157c relative=0x00000000000032bc
Event: 14.671 Thread 0x00000163cfa700a0 Uncommon trap: reason=unstable_if action=reinterpret pc=0x00000163dafe157c method=main.java.org.game.physics.Collider.resolveCollisionMN(Lmain/java/org/game/physics/Collider;Lmain/java/org/game/physics/Collider;Z)V @ 391 c2
Event: 14.671 Thread 0x00000163cfa700a0 DEOPT PACKING pc=0x00000163dafe157c sp=0x00000020338ff170
Event: 14.671 Thread 0x00000163cfa700a0 DEOPT UNPACKING pc=0x00000163da7b69a3 sp=0x00000020338ff120 mode 2
Event: 14.868 Thread 0x00000163cfa700a0 Uncommon trap: trap_request=0xffffff45 fr.pc=0x00000163daed7710 relative=0x0000000000000130
Event: 14.868 Thread 0x00000163cfa700a0 Uncommon trap: reason=unstable_if action=reinterpret pc=0x00000163daed7710 method=main.java.org.game.physics.Collider.resolveCollisionMM(Lmain/java/org/game/physics/Collider;Lmain/java/org/game/physics/Collider;Z)V @ 135 c2
Event: 14.868 Thread 0x00000163cfa700a0 DEOPT PACKING pc=0x00000163daed7710 sp=0x00000020338ff220
Event: 14.869 Thread 0x00000163cfa700a0 DEOPT UNPACKING pc=0x00000163da7b69a3 sp=0x00000020338ff180 mode 2

Classes unloaded (0 events):
No events

Classes redefined (0 events):
No events

Internal exceptions (20 events):
Event: 1.140 Thread 0x00000163cfa700a0 Exception <a 'java/lang/NoSuchMethodError'{0x000000071a3a33f0}: 'int java.lang.invoke.DirectMethodHandle$Holder.invokeStaticInit(java.lang.Object, java.lang.Object, java.lang.Object)'> (0x000000071a3a33f0) 
thrown [s\src\hotspot\share\interpreter\linkResolver.cpp, line 771]
Event: 1.141 Thread 0x00000163cfa700a0 Exception <a 'java/lang/NoSuchMethodError'{0x000000071a3a6f48}: 'int java.lang.invoke.DirectMethodHandle$Holder.invokeStaticInit(java.lang.Object, int, int)'> (0x000000071a3a6f48) 
thrown [s\src\hotspot\share\interpreter\linkResolver.cpp, line 771]
Event: 1.143 Thread 0x00000163cfa700a0 Exception <a 'java/lang/NoSuchMethodError'{0x000000071a3aead8}: 'int java.lang.invoke.DirectMethodHandle$Holder.invokeStaticInit(java.lang.Object, long, long)'> (0x000000071a3aead8) 
thrown [s\src\hotspot\share\interpreter\linkResolver.cpp, line 771]
Event: 1.144 Thread 0x00000163cfa700a0 Exception <a 'java/lang/NoSuchMethodError'{0x000000071a3b5bd0}: 'int java.lang.invoke.DirectMethodHandle$Holder.invokeStaticInit(java.lang.Object, float, float)'> (0x000000071a3b5bd0) 
thrown [s\src\hotspot\share\interpreter\linkResolver.cpp, line 771]
Event: 1.145 Thread 0x00000163cfa700a0 Exception <a 'java/lang/NoSuchMethodError'{0x000000071a3bccd0}: 'int java.lang.invoke.DirectMethodHandle$Holder.invokeStaticInit(java.lang.Object, double, double)'> (0x000000071a3bccd0) 
thrown [s\src\hotspot\share\interpreter\linkResolver.cpp, line 771]
Event: 1.146 Thread 0x00000163cfa700a0 Exception <a 'java/lang/NoSuchMethodError'{0x000000071a3c1580}: 'int java.lang.invoke.DirectMethodHandle$Holder.invokeStatic(java.lang.Object, long)'> (0x000000071a3c1580) 
thrown [s\src\hotspot\share\interpreter\linkResolver.cpp, line 771]
Event: 1.154 Thread 0x00000163cfa700a0 Exception <a 'java/lang/NoSuchMethodError'{0x000000071a3e5db8}: 'int java.lang.invoke.Invokers$Holder.linkToTargetMethod(java.lang.Object, java.lang.Object)'> (0x000000071a3e5db8) 
thrown [s\src\hotspot\share\interpreter\linkResolver.cpp, line 771]
Event: 1.179 Thread 0x00000163cfa700a0 Exception <a 'java/lang/NoSuchMethodError'{0x000000071a009e50}: 'java.lang.Object java.lang.invoke.DirectMethodHandle$Holder.newInvokeSpecial(java.lang.Object, java.lang.Object, int, int)'> (0x000000071a009e50) 
thrown [s\src\hotspot\share\interpreter\linkResolver.cpp, line 771]
Event: 2.014 Thread 0x00000163fb029d80 Exception <a 'java/lang/NoSuchMethodError'{0x0000000719865010}: 'java.lang.Object java.lang.invoke.Invokers$Holder.invoke_MT(java.lang.Object, java.lang.Object, java.lang.Object)'> (0x0000000719865010) 
thrown [s\src\hotspot\share\interpreter\linkResolver.cpp, line 771]
Event: 2.016 Thread 0x00000163fb029d80 Exception <a 'java/lang/NoSuchMethodError'{0x0000000719870340}: 'int java.lang.invoke.Invokers$Holder.invoke_MT(java.lang.Object, java.lang.Object, java.lang.Object)'> (0x0000000719870340) 
thrown [s\src\hotspot\share\interpreter\linkResolver.cpp, line 771]
Event: 4.216 Thread 0x00000163cfa700a0 Exception <a 'java/lang/NoSuchMethodError'{0x000000071934eac8}: 'void java.lang.invoke.DirectMethodHandle$Holder.invokeStatic(java.lang.Object, java.lang.Object, java.lang.Object)'> (0x000000071934eac8) 
thrown [s\src\hotspot\share\interpreter\linkResolver.cpp, line 771]
Event: 4.223 Thread 0x00000163fb029d80 Implicit null exception at 0x00000163dad8f97b to 0x00000163dad8fa18
Event: 4.223 Thread 0x00000163fb029d80 Implicit null exception at 0x00000163dada357a to 0x00000163dada3710
Event: 4.939 Thread 0x00000163fb5d5ab0 Exception <a 'java/lang/NoSuchMethodError'{0x000000071a702c80}: 'java.lang.Object java.lang.invoke.DirectMethodHandle$Holder.invokeSpecial(java.lang.Object, java.lang.Object, float, float, int)'> (0x000000071a702c80) 
thrown [s\src\hotspot\share\interpreter\linkResolver.cpp, line 771]
Event: 5.413 Thread 0x00000163fb5d5ab0 Exception <a 'java/lang/NoSuchMethodError'{0x000000071ad2bb70}: 'java.lang.Object java.lang.invoke.DirectMethodHandle$Holder.invokeSpecial(java.lang.Object, java.lang.Object, long, java.lang.Object, java.lang.Object, java.lang.Object, java.lang.Object, int, int)'> (0x000000071ad2bb70) 
thrown [s\src\hotspot\share\interpreter\linkResolver.cpp, line 771]
Event: 5.414 Thread 0x00000163fb5d5ab0 Exception <a 'java/lang/NoSuchMethodError'{0x000000071ad2f920}: 'java.lang.Object java.lang.invoke.DelegatingMethodHandle$Holder.reinvoke_L(java.lang.Object, long, java.lang.Object, java.lang.Object, java.lang.Object, java.lang.Object, int, int)'> (0x000000071ad2f920) 
thrown [s\src\hotspot\share\interpreter\linkResolver.cpp, line 771]
Event: 6.243 Thread 0x00000163cfa700a0 Implicit null exception at 0x00000163dae39a40 to 0x00000163dae3a1e8
Event: 6.717 Thread 0x00000163fb029d80 Implicit null exception at 0x00000163dadc86f3 to 0x00000163dadce228
Event: 6.718 Thread 0x00000163fb029d80 Implicit null exception at 0x00000163dadf48bf to 0x00000163dadf8b80
Event: 10.470 Thread 0x00000163cfa700a0 Exception <a 'java/lang/NoSuchMethodError'{0x000000072f0d2298}: 'java.lang.Object java.lang.invoke.DirectMethodHandle$Holder.invokeSpecial(java.lang.Object, java.lang.Object, float, float)'> (0x000000072f0d2298) 
thrown [s\src\hotspot\share\interpreter\linkResolver.cpp, line 771]

VM Operations (20 events):
Event: 10.289 Executing VM operation: G1CollectForAllocation
Event: 10.292 Executing VM operation: G1CollectForAllocation done
Event: 11.307 Executing VM operation: Cleanup
Event: 11.307 Executing VM operation: Cleanup done
Event: 11.458 Executing VM operation: HandshakeAllThreads
Event: 11.458 Executing VM operation: HandshakeAllThreads done
Event: 11.473 Executing VM operation: HandshakeAllThreads
Event: 11.473 Executing VM operation: HandshakeAllThreads done
Event: 11.503 Executing VM operation: HandshakeAllThreads
Event: 11.503 Executing VM operation: HandshakeAllThreads done
Event: 11.733 Executing VM operation: G1CollectForAllocation
Event: 11.736 Executing VM operation: G1CollectForAllocation done
Event: 12.737 Executing VM operation: Cleanup
Event: 12.737 Executing VM operation: Cleanup done
Event: 13.056 Executing VM operation: G1CollectForAllocation
Event: 13.059 Executing VM operation: G1CollectForAllocation done
Event: 14.059 Executing VM operation: Cleanup
Event: 14.059 Executing VM operation: Cleanup done
Event: 14.218 Executing VM operation: G1CollectForAllocation
Event: 14.220 Executing VM operation: G1CollectForAllocation done

Events (20 events):
Event: 14.849 Thread 0x00000163fb5d6ef0 Thread exited: 0x00000163fb5d6ef0
Event: 14.852 Thread 0x00000163fb5d8330 Thread added: 0x00000163fb5d8330
Event: 14.854 Thread 0x00000163fb5d8330 Thread exited: 0x00000163fb5d8330
Event: 14.856 Thread 0x00000163fb5d6ef0 Thread added: 0x00000163fb5d6ef0
Event: 14.858 Thread 0x00000163fb5d6ef0 Thread exited: 0x00000163fb5d6ef0
Event: 14.860 Thread 0x00000163fb5d6ef0 Thread added: 0x00000163fb5d6ef0
Event: 14.864 Thread 0x00000163fb5d6ef0 Thread exited: 0x00000163fb5d6ef0
Event: 14.864 Thread 0x00000163fb5d7910 Thread added: 0x00000163fb5d7910
Event: 14.866 Thread 0x00000163fb5d7910 Thread exited: 0x00000163fb5d7910
Event: 14.869 Thread 0x00000163fb5d6ef0 Thread added: 0x00000163fb5d6ef0
Event: 14.872 Thread 0x00000163fb5d6ef0 Thread exited: 0x00000163fb5d6ef0
Event: 14.874 Thread 0x00000163fb5d8330 Thread added: 0x00000163fb5d8330
Event: 14.876 Thread 0x00000163fb5d8330 Thread exited: 0x00000163fb5d8330
Event: 14.885 Thread 0x00000163fb5d6ef0 Thread added: 0x00000163fb5d6ef0
Event: 14.894 Thread 0x00000163fb5d6ef0 Thread exited: 0x00000163fb5d6ef0
Event: 14.895 Thread 0x00000163fb5d6ef0 Thread added: 0x00000163fb5d6ef0
Event: 14.898 Thread 0x00000163fb5d6ef0 Thread exited: 0x00000163fb5d6ef0
Event: 14.899 Thread 0x00000163fb5d6ef0 Thread added: 0x00000163fb5d6ef0
Event: 14.904 Thread 0x00000163fb5d6ef0 Thread exited: 0x00000163fb5d6ef0
Event: 14.904 Thread 0x00000163fb5d7910 Thread added: 0x00000163fb5d7910


Dynamic libraries:
0x00007ff7d9230000 - 0x00007ff7d923a000 	C:\Users\kuruc\.jdks\jbr-17.0.9\bin\java.exe
0x00007ff849db0000 - 0x00007ff849fc6000 	C:\Windows\SYSTEM32\ntdll.dll
0x00007ff818b40000 - 0x00007ff818b59000 	C:\Program Files\Avast Software\Avast\aswhook.dll
0x00007ff848790000 - 0x00007ff848854000 	C:\Windows\System32\KERNEL32.DLL
0x00007ff847690000 - 0x00007ff847a37000 	C:\Windows\System32\KERNELBASE.dll
0x00007ff847240000 - 0x00007ff847351000 	C:\Windows\System32\ucrtbase.dll
0x00007ff832900000 - 0x00007ff832917000 	C:\Users\kuruc\.jdks\jbr-17.0.9\bin\jli.dll
0x00007ff8326d0000 - 0x00007ff8326eb000 	C:\Users\kuruc\.jdks\jbr-17.0.9\bin\VCRUNTIME140.dll
0x00007ff8496d0000 - 0x00007ff84987e000 	C:\Windows\System32\USER32.dll
0x00007ff847480000 - 0x00007ff8474a6000 	C:\Windows\System32\win32u.dll
0x00007ff839850000 - 0x00007ff839ae3000 	C:\Windows\WinSxS\amd64_microsoft.windows.common-controls_6595b64144ccf1df_6.0.22621.3235_none_270f74e173860f98\COMCTL32.dll
0x00007ff847c10000 - 0x00007ff847c39000 	C:\Windows\System32\GDI32.dll
0x00007ff8484b0000 - 0x00007ff848557000 	C:\Windows\System32\msvcrt.dll
0x00007ff847360000 - 0x00007ff847479000 	C:\Windows\System32\gdi32full.dll
0x00007ff847a40000 - 0x00007ff847ada000 	C:\Windows\System32\msvcp_win.dll
0x00007ff849570000 - 0x00007ff8495a1000 	C:\Windows\System32\IMM32.DLL
0x00007ff8326c0000 - 0x00007ff8326cc000 	C:\Users\kuruc\.jdks\jbr-17.0.9\bin\vcruntime140_1.dll
0x00007ff824170000 - 0x00007ff8241fd000 	C:\Users\kuruc\.jdks\jbr-17.0.9\bin\msvcp140.dll
0x00007ff8234e0000 - 0x00007ff824162000 	C:\Users\kuruc\.jdks\jbr-17.0.9\bin\server\jvm.dll
0x00007ff847ae0000 - 0x00007ff847b92000 	C:\Windows\System32\ADVAPI32.dll
0x00007ff8485d0000 - 0x00007ff848678000 	C:\Windows\System32\sechost.dll
0x00007ff847660000 - 0x00007ff847688000 	C:\Windows\System32\bcrypt.dll
0x00007ff8495b0000 - 0x00007ff8496c5000 	C:\Windows\System32\RPCRT4.dll
0x00007ff845f30000 - 0x00007ff845f7d000 	C:\Windows\SYSTEM32\POWRPROF.dll
0x00007ff83f800000 - 0x00007ff83f834000 	C:\Windows\SYSTEM32\WINMM.dll
0x00007ff831810000 - 0x00007ff831819000 	C:\Windows\SYSTEM32\WSOCK32.dll
0x00007ff8494f0000 - 0x00007ff849561000 	C:\Windows\System32\WS2_32.dll
0x00007ff83bb40000 - 0x00007ff83bb4a000 	C:\Windows\SYSTEM32\VERSION.dll
0x00007ff845f10000 - 0x00007ff845f23000 	C:\Windows\SYSTEM32\UMPDC.dll
0x00007ff846120000 - 0x00007ff846138000 	C:\Windows\SYSTEM32\kernel.appcore.dll
0x00007ff8325d0000 - 0x00007ff8325da000 	C:\Users\kuruc\.jdks\jbr-17.0.9\bin\jimage.dll
0x00007ff844310000 - 0x00007ff844543000 	C:\Windows\SYSTEM32\DBGHELP.DLL
0x00007ff849160000 - 0x00007ff8494e8000 	C:\Windows\System32\combase.dll
0x00007ff849900000 - 0x00007ff8499d7000 	C:\Windows\System32\OLEAUT32.dll
0x00007ff839500000 - 0x00007ff839532000 	C:\Windows\SYSTEM32\dbgcore.DLL
0x00007ff847570000 - 0x00007ff8475e9000 	C:\Windows\System32\bcryptPrimitives.dll
0x00007ff832590000 - 0x00007ff8325b5000 	C:\Users\kuruc\.jdks\jbr-17.0.9\bin\java.dll
0x00007ff832570000 - 0x00007ff832588000 	C:\Users\kuruc\.jdks\jbr-17.0.9\bin\zip.dll
0x00007ff823400000 - 0x00007ff8234d7000 	C:\Users\kuruc\.jdks\jbr-17.0.9\bin\jsvml.dll
0x00007ff847c40000 - 0x00007ff84849c000 	C:\Windows\System32\SHELL32.dll
0x00007ff844ff0000 - 0x00007ff8458e9000 	C:\Windows\SYSTEM32\windows.storage.dll
0x00007ff844eb0000 - 0x00007ff844fee000 	C:\Windows\SYSTEM32\wintypes.dll
0x00007ff849c70000 - 0x00007ff849d63000 	C:\Windows\System32\SHCORE.dll
0x00007ff847ba0000 - 0x00007ff847bfe000 	C:\Windows\System32\shlwapi.dll
0x00007ff847000000 - 0x00007ff847021000 	C:\Windows\SYSTEM32\profapi.dll
0x00007ff832420000 - 0x00007ff832439000 	C:\Users\kuruc\.jdks\jbr-17.0.9\bin\net.dll
0x00007ff840bb0000 - 0x00007ff840ce6000 	C:\Windows\SYSTEM32\WINHTTP.dll
0x00007ff846620000 - 0x00007ff846689000 	C:\Windows\system32\mswsock.dll
0x00007ff831360000 - 0x00007ff831376000 	C:\Users\kuruc\.jdks\jbr-17.0.9\bin\nio.dll
0x00007ff813ae0000 - 0x00007ff813c7a000 	C:\Users\kuruc\.jdks\jbr-17.0.9\bin\awt.dll
0x00007ff82f150000 - 0x00007ff82f194000 	C:\Users\kuruc\.jdks\jbr-17.0.9\bin\nvdaControllerClient64.dll
0x00007ff844260000 - 0x00007ff84428b000 	C:\Windows\SYSTEM32\dwmapi.dll
0x00007ff843ed0000 - 0x00007ff843f67000 	C:\Windows\SYSTEM32\apphelp.dll
0x00007ff844020000 - 0x00007ff8440cb000 	C:\Windows\system32\uxtheme.dll
0x00007ff848ce0000 - 0x00007ff848e33000 	C:\Windows\System32\MSCTF.dll
0x00007ff848fb0000 - 0x00007ff849155000 	C:\Windows\System32\ole32.dll
0x00007ff81ad10000 - 0x00007ff81ae10000 	C:\Windows\system32\opengl32.dll
0x00007ff82c0e0000 - 0x00007ff82c10d000 	C:\Windows\SYSTEM32\GLU32.dll
0x00007ff844720000 - 0x00007ff844759000 	C:\Windows\SYSTEM32\dxcore.dll
0x00007ff8107b0000 - 0x00007ff810959000 	C:\Windows\system32\d3d9.dll
0x00007ff83bb50000 - 0x00007ff83bd0b000 	C:\Windows\System32\DriverStore\FileRepository\u0387773.inf_amd64_42d986ffc2f9b103\B385477\aticfx64.dll
0x00007fffb6e00000 - 0x00007fffb8bcf000 	C:\Windows\System32\DriverStore\FileRepository\u0387773.inf_amd64_42d986ffc2f9b103\B385477\amdxn64.dll
0x00007ff848860000 - 0x00007ff848cd4000 	C:\Windows\System32\SETUPAPI.dll
0x00007ff844150000 - 0x00007ff844248000 	C:\Windows\SYSTEM32\dxgi.dll
0x00007ff8396c0000 - 0x00007ff8396f5000 	C:\Windows\SYSTEM32\amdihk64.dll
0x00007ff83f8d0000 - 0x00007ff83f91a000 	C:\Windows\SYSTEM32\directxdatabasehelper.dll
0x00007ff81f360000 - 0x00007ff81f51a000 	C:\Windows\WinSxS\amd64_microsoft.windows.gdiplus_6595b64144ccf1df_1.1.22621.3085_none_57ff6980ce140777\gdiplus.dll
0x00007ff82c5e0000 - 0x00007ff82c667000 	C:\Users\kuruc\.jdks\jbr-17.0.9\bin\freetype.dll
0x00007ff820af0000 - 0x00007ff820bc7000 	C:\Users\kuruc\.jdks\jbr-17.0.9\bin\fontmanager.dll
0x00007ff834400000 - 0x00007ff83454a000 	C:\Windows\SYSTEM32\textinputframework.dll
0x00007ff843160000 - 0x00007ff843294000 	C:\Windows\SYSTEM32\CoreMessaging.dll
0x00007ff83ed20000 - 0x00007ff83f08c000 	C:\Windows\SYSTEM32\CoreUIComponents.dll
0x00007ff846820000 - 0x00007ff84682c000 	C:\Windows\SYSTEM32\CRYPTBASE.DLL
0x00007ff8321a0000 - 0x00007ff8321cd000 	C:\Users\kuruc\.jdks\jbr-17.0.9\bin\javajpeg.dll
0x00007ff832920000 - 0x00007ff832932000 	C:\Users\kuruc\.jdks\jbr-17.0.9\bin\jsound.dll
0x00007ff826a60000 - 0x00007ff826b02000 	C:\Windows\SYSTEM32\DSOUND.dll
0x00007ff818c70000 - 0x00007ff818d21000 	C:\Windows\SYSTEM32\ResampleDmo.DLL
0x00007ff832870000 - 0x00007ff832899000 	C:\Windows\SYSTEM32\winmmbase.dll
0x00007ff826750000 - 0x00007ff82675b000 	C:\Windows\SYSTEM32\msdmo.dll
0x00007ff849a00000 - 0x00007ff849ab0000 	C:\Windows\System32\clbcatq.dll
0x00007ff837510000 - 0x00007ff8375ad000 	C:\Windows\System32\MMDevApi.dll
0x00007ff846d90000 - 0x00007ff846dbc000 	C:\Windows\System32\DEVOBJ.dll
0x00007ff846dc0000 - 0x00007ff846e0e000 	C:\Windows\SYSTEM32\cfgmgr32.dll
0x00007ffff8380000 - 0x00007ffff83c6000 	C:\Windows\SYSTEM32\wdmaud.drv
0x00007ff826e00000 - 0x00007ff826e09000 	C:\Windows\SYSTEM32\ksuser.dll
0x00007ff840830000 - 0x00007ff84083b000 	C:\Windows\SYSTEM32\AVRT.dll
0x00007ff835090000 - 0x00007ff83527c000 	C:\Windows\SYSTEM32\AUDIOSES.DLL
0x00007ff822360000 - 0x00007ff82236e000 	C:\Windows\SYSTEM32\msacm32.drv
0x00007ffffb660000 - 0x00007ffffb67e000 	C:\Windows\SYSTEM32\MSACM32.dll
0x00007ff820ac0000 - 0x00007ff820acb000 	C:\Windows\SYSTEM32\midimap.dll
0x00007ff844b80000 - 0x00007ff844b95000 	C:\Windows\SYSTEM32\resourcepolicyclient.dll
0x00007ff836910000 - 0x00007ff836a84000 	C:\Windows\System32\Windows.UI.dll
0x00007ff845c30000 - 0x00007ff845d29000 	C:\Windows\SYSTEM32\DNSAPI.dll
0x00007ff845bc0000 - 0x00007ff845bed000 	C:\Windows\SYSTEM32\IPHLPAPI.DLL
0x00007ff848e40000 - 0x00007ff848e49000 	C:\Windows\System32\NSI.dll
0x00007ff83dc60000 - 0x00007ff83dc6a000 	C:\Windows\System32\rasadhlp.dll
0x00007ff83e010000 - 0x00007ff83e093000 	C:\Windows\System32\fwpuclnt.dll

dbghelp: loaded successfully - version: 4.0.5 - missing functions: none
symbol engine: initialized successfully - sym options: 0x614 - pdb path: .;C:\Users\kuruc\.jdks\jbr-17.0.9\bin;C:\Windows\SYSTEM32;C:\Program Files\Avast Software\Avast;C:\Windows\WinSxS\amd64_microsoft.windows.common-controls_6595b64144ccf1df_6.0.22621.3235_none_270f74e173860f98;C:\Users\kuruc\.jdks\jbr-17.0.9\bin\server;C:\Windows\System32\DriverStore\FileRepository\u0387773.inf_amd64_42d986ffc2f9b103\B385477;C:\Windows\WinSxS\amd64_microsoft.windows.gdiplus_6595b64144ccf1df_1.1.22621.3085_none_57ff6980ce140777

VM Arguments:
jvm_args: -Dfile.encoding=windows-1252 -Duser.country=GB -Duser.language=en -Duser.variant 
java_command: main.java.org.Main
java_class_path (initial): C:\Users\kuruc\OneDrive\Desktop\ProjlabFeladat\iLaby\iLaby\build\classes\java\main;C:\Users\kuruc\OneDrive\Desktop\ProjlabFeladat\iLaby\iLaby\build\resources\main;C:\Users\kuruc\OneDrive\Desktop\ProjlabFeladat\iLaby\iLaby\libs\java-vorbis-support-1.2.1.jar;C:\Users\kuruc\.gradle\caches\modules-2\files-2.1\org.projectlombok\lombok\1.18.28\a2ff5da8bcd8b1b26f36b806ced63213362c6dcc\lombok-1.18.28.jar;C:\Users\kuruc\.gradle\caches\modules-2\files-2.1\com.google.code.gson\gson\2.10.1\b3add478d4382b78ea20b1671390a858002feb6c\gson-2.10.1.jar
Launcher Type: SUN_STANDARD

[Global flags]
     intx CICompilerCount                          = 4                                         {product} {ergonomic}
     uint ConcGCThreads                            = 3                                         {product} {ergonomic}
     uint G1ConcRefinementThreads                  = 10                                        {product} {ergonomic}
   size_t G1HeapRegionSize                         = 2097152                                   {product} {ergonomic}
    uintx GCDrainStackTargetSize                   = 64                                        {product} {ergonomic}
   size_t InitialHeapSize                          = 255852544                                 {product} {ergonomic}
   size_t MarkStackSize                            = 4194304                                   {product} {ergonomic}
   size_t MaxHeapSize                              = 4093640704                                {product} {ergonomic}
   size_t MaxNewSize                               = 2455764992                                {product} {ergonomic}
   size_t MinHeapDeltaBytes                        = 2097152                                   {product} {ergonomic}
   size_t MinHeapSize                              = 8388608                                   {product} {ergonomic}
    uintx NonNMethodCodeHeapSize                   = 5839372                                {pd product} {ergonomic}
    uintx NonProfiledCodeHeapSize                  = 122909434                              {pd product} {ergonomic}
    uintx ProfiledCodeHeapSize                     = 122909434                              {pd product} {ergonomic}
    uintx ReservedCodeCacheSize                    = 251658240                              {pd product} {ergonomic}
     bool SegmentedCodeCache                       = true                                      {product} {ergonomic}
   size_t SoftMaxHeapSize                          = 4093640704                             {manageable} {ergonomic}
     bool UseCompressedClassPointers               = true                           {product lp64_product} {ergonomic}
     bool UseCompressedOops                        = true                           {product lp64_product} {ergonomic}
     bool UseG1GC                                  = true                                      {product} {ergonomic}
     bool UseLargePagesIndividualAllocation        = false                                  {pd product} {ergonomic}

Logging:
Log output configuration:
 #0: stdout all=warning uptime,level,tags
 #1: stderr all=off uptime,level,tags

Environment Variables:
PATH=C:\Program Files\Common Files\Oracle\Java\javapath;C:\Windows\system32;C:\Windows;C:\Windows\System32\Wbem;C:\Windows\System32\WindowsPowerShell\v1.0\;C:\Windows\System32\OpenSSH\;C:\Program Files\dotnet\;C:\Program Files (x86)\Windows Kits\10\Windows Performance Toolkit\;C:\Program Files\Git\cmd;C:\Program Files\PuTTY\;C:\Program Files\Microsoft SQL Server\150\Tools\Binn\;C:\Program Files\Microsoft SQL Server\Client SDK\ODBC\170\Tools\Binn\;C:\Users\kuruc\AppData\Local\Microsoft\WindowsApps;C:\Users\kuruc\.dotnet\tools;C:\Users\kuruc\AppData\Local\Programs\Microsoft VS Code\bin;C:\Users\kuruc\AppData\Local\JetBrains\IntelliJ IDEA Community Edition 2023.3.4\bin;
USERNAME=kuruc
OS=Windows_NT
PROCESSOR_IDENTIFIER=AMD64 Family 25 Model 68 Stepping 1, AuthenticAMD
TMP=C:\Users\kuruc\AppData\Local\Temp
TEMP=C:\Users\kuruc\AppData\Local\Temp



Periodic native trim disabled

JNI global refs:
JNI global refs: 109, weak refs: 93

JNI global refs memory usage: 1475, weak refs: 1473

OOME stack traces (most recent first):
Classloader memory used:
Loader bootstrap                                                                       : 2568K
Loader jdk.internal.loader.ClassLoaders$AppClassLoader                                 : 230K
Loader jdk.internal.loader.ClassLoaders$PlatformClassLoader                            : 4432B


---------------  S Y S T E M  ---------------

OS:
 Windows 11 , 64 bit Build 22621 (10.0.22621.3374)
OS uptime: 1 days 10:09 hours
Hyper-V role detected

CPU: total 12 (initial active 12) (12 cores per cpu, 2 threads per core) family 25 model 68 stepping 1 microcode 0x0, cx8, cmov, fxsr, ht, mmx, 3dnowpref, sse, sse2, sse3, ssse3, sse4a, sse4.1, sse4.2, popcnt, lzcnt, tsc, tscinvbit, avx, avx2, aes, erms, clmul, bmi1, bmi2, adx, sha, fma, vzeroupper, clflush, clflushopt, hv
Processor Information for processor 0
  Max Mhz: 2901, Current Mhz: 2901, Mhz Limit: 2901
Processor Information for processor 1
  Max Mhz: 2901, Current Mhz: 2901, Mhz Limit: 2901
Processor Information for processor 2
  Max Mhz: 2901, Current Mhz: 2901, Mhz Limit: 2901
Processor Information for processor 3
  Max Mhz: 2901, Current Mhz: 2901, Mhz Limit: 2901
Processor Information for processor 4
  Max Mhz: 2901, Current Mhz: 2901, Mhz Limit: 2901
Processor Information for processor 5
  Max Mhz: 2901, Current Mhz: 2901, Mhz Limit: 2901
Processor Information for processor 6
  Max Mhz: 2901, Current Mhz: 2901, Mhz Limit: 2901
Processor Information for processor 7
  Max Mhz: 2901, Current Mhz: 2315, Mhz Limit: 2901
Processor Information for processor 8
  Max Mhz: 2901, Current Mhz: 2901, Mhz Limit: 2901
Processor Information for processor 9
  Max Mhz: 2901, Current Mhz: 2901, Mhz Limit: 2901
Processor Information for processor 10
  Max Mhz: 2901, Current Mhz: 2901, Mhz Limit: 2901
Processor Information for processor 11
  Max Mhz: 2901, Current Mhz: 2901, Mhz Limit: 2901

Memory: 4k page, system-wide physical 15614M (2155M free)
TotalPageFile size 62718M (AvailPageFile size 0M)
current process WorkingSet (physical memory assigned to process): 761M, peak: 761M
current process commit charge ("private bytes"): 1005M, peak: 1026M

vm_info: OpenJDK 64-Bit Server VM (17.0.9+8-b1166.2) for windows-amd64 JRE (17.0.9+8-b1166.2), built on 2024-01-13 by "builduser" with MS VC++ 16.10 / 16.11 (VS2019)

END.
